08/07/2017 14:52:07 (Std) 	+-+-+-+-+-+-+-+-+-+-+-+-+-+-+-+-+-+-+-+-+-+-+-+-+-+-+-+-+-+-+-+-+-+-+-+-+-+-+-+
08/07/2017 14:52:07 (Std) 	+                     Crazy Eddie's GUI System - Event log                    +
08/07/2017 14:52:07 (Std) 	+                          (http://www.cegui.org.uk/)                         +
08/07/2017 14:52:07 (Std) 	+-+-+-+-+-+-+-+-+-+-+-+-+-+-+-+-+-+-+-+-+-+-+-+-+-+-+-+-+-+-+-+-+-+-+-+-+-+-+-+

08/07/2017 14:52:07 (Std) 	CEGUI::Logger singleton created. (06A9A630)
08/07/2017 14:52:13 (Std) 	
08/07/2017 14:52:13 (Std) 	********************************************************************************
08/07/2017 14:52:13 (Std) 	* Important:                                                                   *
08/07/2017 14:52:13 (Std) 	*     To get support at the CEGUI forums, you must post _at least_ the section *
08/07/2017 14:52:13 (Std) 	*     of this log file indicated below.  Failure to do this will result in no  *
08/07/2017 14:52:13 (Std) 	*     support being given; please do not waste our time.                       *
08/07/2017 14:52:13 (Std) 	********************************************************************************
08/07/2017 14:52:13 (Std) 	********************************************************************************
08/07/2017 14:52:13 (Std) 	* -------- START OF ESSENTIAL SECTION TO BE POSTED ON THE FORUM       -------- *
08/07/2017 14:52:13 (Std) 	********************************************************************************
08/07/2017 14:52:13 (Std) 	---- Version: 0.8.7 (Build: Jun 29 2017 Debug Microsoft Windows MSVC++ 14.0 (2015) 32 bit) ----
08/07/2017 14:52:13 (Std) 	---- Renderer module is: CEGUI::OpenGL3Renderer - Official OpenGL 3.2 core based renderer module.  TextureTarget support enabled via FBO OGL 3.2 core implementation. ----
08/07/2017 14:52:13 (Std) 	---- XML Parser module is: CEGUI::ExpatParser - Official expat based parser module for CEGUI ----
08/07/2017 14:52:13 (Std) 	---- Image Codec module is: SILLYImageCodec - Official SILLY based image codec ----
08/07/2017 14:52:13 (Std) 	---- Scripting module is: None ----
08/07/2017 14:52:13 (Std) 	********************************************************************************
08/07/2017 14:52:13 (Std) 	* -------- END OF ESSENTIAL SECTION TO BE POSTED ON THE FORUM         -------- *
08/07/2017 14:52:13 (Std) 	********************************************************************************
08/07/2017 14:52:13 (Std) 	
08/07/2017 14:52:13 (Std) 	---- Begining CEGUI System initialisation ----
08/07/2017 14:52:13 (Std) 	[CEGUI::ImageManager] Singleton created (009678A8)
08/07/2017 14:52:13 (Std) 	[CEGUI::ImageManager] Registered Image type: BasicImage
08/07/2017 14:52:13 (Std) 	CEGUI::FontManager singleton created. (06B97BE8)
08/07/2017 14:52:13 (Std) 	CEGUI::WindowFactoryManager singleton created
08/07/2017 14:52:13 (Std) 	CEGUI::WindowManager singleton created (0095C140)
08/07/2017 14:52:13 (Std) 	CEGUI::SchemeManager singleton created. (06B97EA0)
08/07/2017 14:52:13 (Std) 	CEGUI::GlobalEventSet singleton created. (061975D8)
08/07/2017 14:52:13 (Std) 	CEGUI::AnimationManager singleton created (061A2630)
08/07/2017 14:52:13 (Std) 	CEGUI::WidgetLookManager singleton created. (06A51800)
08/07/2017 14:52:13 (Std) 	CEGUI::WindowRendererManager singleton created (06A51680)
08/07/2017 14:52:13 (Std) 	CEGUI::RenderEffectManager singleton created (06197668)
08/07/2017 14:52:13 (Std) 	Created WindowFactory for 'DefaultWindow' windows.
08/07/2017 14:52:13 (Std) 	WindowFactory for 'DefaultWindow' windows added. (06A98BD8)
08/07/2017 14:52:13 (Std) 	Created WindowFactory for 'DragContainer' windows.
08/07/2017 14:52:13 (Std) 	WindowFactory for 'DragContainer' windows added. (06A98CA0)
08/07/2017 14:52:13 (Std) 	Created WindowFactory for 'ScrolledContainer' windows.
08/07/2017 14:52:13 (Std) 	WindowFactory for 'ScrolledContainer' windows added. (06A98D68)
08/07/2017 14:52:13 (Std) 	Created WindowFactory for 'ClippedContainer' windows.
08/07/2017 14:52:13 (Std) 	WindowFactory for 'ClippedContainer' windows added. (06A98E30)
08/07/2017 14:52:13 (Std) 	Created WindowFactory for 'CEGUI/PushButton' windows.
08/07/2017 14:52:13 (Std) 	WindowFactory for 'CEGUI/PushButton' windows added. (06A98EF8)
08/07/2017 14:52:13 (Std) 	Created WindowFactory for 'CEGUI/RadioButton' windows.
08/07/2017 14:52:13 (Std) 	WindowFactory for 'CEGUI/RadioButton' windows added. (06A98FC0)
08/07/2017 14:52:13 (Std) 	Created WindowFactory for 'CEGUI/Combobox' windows.
08/07/2017 14:52:13 (Std) 	WindowFactory for 'CEGUI/Combobox' windows added. (06A99088)
08/07/2017 14:52:13 (Std) 	Created WindowFactory for 'CEGUI/ComboDropList' windows.
08/07/2017 14:52:13 (Std) 	WindowFactory for 'CEGUI/ComboDropList' windows added. (06A99150)
08/07/2017 14:52:13 (Std) 	Created WindowFactory for 'CEGUI/Editbox' windows.
08/07/2017 14:52:13 (Std) 	WindowFactory for 'CEGUI/Editbox' windows added. (06A992E0)
08/07/2017 14:52:13 (Std) 	Created WindowFactory for 'CEGUI/FrameWindow' windows.
08/07/2017 14:52:13 (Std) 	WindowFactory for 'CEGUI/FrameWindow' windows added. (06A99218)
08/07/2017 14:52:13 (Std) 	Created WindowFactory for 'CEGUI/ItemEntry' windows.
08/07/2017 14:52:13 (Std) 	WindowFactory for 'CEGUI/ItemEntry' windows added. (06A993A8)
08/07/2017 14:52:13 (Std) 	Created WindowFactory for 'CEGUI/Listbox' windows.
08/07/2017 14:52:13 (Std) 	WindowFactory for 'CEGUI/Listbox' windows added. (06A99470)
08/07/2017 14:52:13 (Std) 	Created WindowFactory for 'CEGUI/ListHeader' windows.
08/07/2017 14:52:13 (Std) 	WindowFactory for 'CEGUI/ListHeader' windows added. (06A99538)
08/07/2017 14:52:13 (Std) 	Created WindowFactory for 'CEGUI/ListHeaderSegment' windows.
08/07/2017 14:52:13 (Std) 	WindowFactory for 'CEGUI/ListHeaderSegment' windows added. (06A99600)
08/07/2017 14:52:13 (Std) 	Created WindowFactory for 'CEGUI/Menubar' windows.
08/07/2017 14:52:13 (Std) 	WindowFactory for 'CEGUI/Menubar' windows added. (06A996C8)
08/07/2017 14:52:13 (Std) 	Created WindowFactory for 'CEGUI/PopupMenu' windows.
08/07/2017 14:52:13 (Std) 	WindowFactory for 'CEGUI/PopupMenu' windows added. (06A99790)
08/07/2017 14:52:13 (Std) 	Created WindowFactory for 'CEGUI/MenuItem' windows.
08/07/2017 14:52:13 (Std) 	WindowFactory for 'CEGUI/MenuItem' windows added. (06A99858)
08/07/2017 14:52:13 (Std) 	Created WindowFactory for 'CEGUI/MultiColumnList' windows.
08/07/2017 14:52:13 (Std) 	WindowFactory for 'CEGUI/MultiColumnList' windows added. (061771E8)
08/07/2017 14:52:13 (Std) 	Created WindowFactory for 'CEGUI/MultiLineEditbox' windows.
08/07/2017 14:52:13 (Std) 	WindowFactory for 'CEGUI/MultiLineEditbox' windows added. (061772B0)
08/07/2017 14:52:13 (Std) 	Created WindowFactory for 'CEGUI/ProgressBar' windows.
08/07/2017 14:52:13 (Std) 	WindowFactory for 'CEGUI/ProgressBar' windows added. (06177378)
08/07/2017 14:52:13 (Std) 	Created WindowFactory for 'CEGUI/ScrollablePane' windows.
08/07/2017 14:52:13 (Std) 	WindowFactory for 'CEGUI/ScrollablePane' windows added. (06177440)
08/07/2017 14:52:13 (Std) 	Created WindowFactory for 'CEGUI/Scrollbar' windows.
08/07/2017 14:52:13 (Std) 	WindowFactory for 'CEGUI/Scrollbar' windows added. (06177508)
08/07/2017 14:52:13 (Std) 	Created WindowFactory for 'CEGUI/Slider' windows.
08/07/2017 14:52:13 (Std) 	WindowFactory for 'CEGUI/Slider' windows added. (061775D0)
08/07/2017 14:52:13 (Std) 	Created WindowFactory for 'CEGUI/Spinner' windows.
08/07/2017 14:52:13 (Std) 	WindowFactory for 'CEGUI/Spinner' windows added. (06177698)
08/07/2017 14:52:13 (Std) 	Created WindowFactory for 'CEGUI/TabButton' windows.
08/07/2017 14:52:13 (Std) 	WindowFactory for 'CEGUI/TabButton' windows added. (06177760)
08/07/2017 14:52:13 (Std) 	Created WindowFactory for 'CEGUI/TabControl' windows.
08/07/2017 14:52:13 (Std) 	WindowFactory for 'CEGUI/TabControl' windows added. (06177828)
08/07/2017 14:52:13 (Std) 	Created WindowFactory for 'CEGUI/Thumb' windows.
08/07/2017 14:52:13 (Std) 	WindowFactory for 'CEGUI/Thumb' windows added. (061778F0)
08/07/2017 14:52:13 (Std) 	Created WindowFactory for 'CEGUI/Titlebar' windows.
08/07/2017 14:52:13 (Std) 	WindowFactory for 'CEGUI/Titlebar' windows added. (06177A80)
08/07/2017 14:52:13 (Std) 	Created WindowFactory for 'CEGUI/ToggleButton' windows.
08/07/2017 14:52:13 (Std) 	WindowFactory for 'CEGUI/ToggleButton' windows added. (061779B8)
08/07/2017 14:52:13 (Std) 	Created WindowFactory for 'CEGUI/Tooltip' windows.
08/07/2017 14:52:13 (Std) 	WindowFactory for 'CEGUI/Tooltip' windows added. (06177C10)
08/07/2017 14:52:13 (Std) 	Created WindowFactory for 'CEGUI/ItemListbox' windows.
08/07/2017 14:52:13 (Std) 	WindowFactory for 'CEGUI/ItemListbox' windows added. (06177B48)
08/07/2017 14:52:13 (Std) 	Created WindowFactory for 'CEGUI/GroupBox' windows.
08/07/2017 14:52:13 (Std) 	WindowFactory for 'CEGUI/GroupBox' windows added. (06177CD8)
08/07/2017 14:52:13 (Std) 	Created WindowFactory for 'CEGUI/Tree' windows.
08/07/2017 14:52:13 (Std) 	WindowFactory for 'CEGUI/Tree' windows added. (06177DA0)
08/07/2017 14:52:13 (Std) 	Created WindowFactory for 'LayoutCell' windows.
08/07/2017 14:52:13 (Std) 	WindowFactory for 'LayoutCell' windows added. (06177F30)
08/07/2017 14:52:13 (Std) 	Created WindowFactory for 'HorizontalLayoutContainer' windows.
08/07/2017 14:52:13 (Std) 	WindowFactory for 'HorizontalLayoutContainer' windows added. (06177FF8)
08/07/2017 14:52:13 (Std) 	Created WindowFactory for 'VerticalLayoutContainer' windows.
08/07/2017 14:52:13 (Std) 	WindowFactory for 'VerticalLayoutContainer' windows added. (06177E68)
08/07/2017 14:52:13 (Std) 	Created WindowFactory for 'GridLayoutContainer' windows.
08/07/2017 14:52:13 (Std) 	WindowFactory for 'GridLayoutContainer' windows added. (061780C0)
08/07/2017 14:52:13 (Std) 	CEGUI::System singleton created. (06230BF8)
08/07/2017 14:52:13 (Std) 	---- CEGUI System initialisation completed ----
08/07/2017 14:52:13 (Std) 	
08/07/2017 14:52:13 (Std) 	Started creation of Scheme from XML specification:
08/07/2017 14:52:13 (Std) 	---- CEGUI GUIScheme name: TaharezLook
08/07/2017 14:52:13 (Std) 	[ImageManager] Started creation of Imageset from XML specification:
08/07/2017 14:52:13 (Std) 	[ImageManager] ---- CEGUI Imageset name: TaharezLook
08/07/2017 14:52:13 (Std) 	[ImageManager] ---- Source texture file: TaharezLook.png
08/07/2017 14:52:13 (Std) 	[ImageManager] ---- Source texture resource group: (Default)
08/07/2017 14:52:13 (Std) 	[OpenGLRenderer] Created texture: TaharezLook
08/07/2017 14:52:13 (Std) 	[ImageManager] Created image: 'TaharezLook/ClientBrush' (06BAA230) of type: BasicImage
08/07/2017 14:52:13 (Std) 	[ImageManager] Created image: 'TaharezLook/GenericBrush' (06BAA348) of type: BasicImage
08/07/2017 14:52:13 (Std) 	[ImageManager] Created image: 'TaharezLook/WindowLeftEdge' (06BAA460) of type: BasicImage
08/07/2017 14:52:13 (Std) 	[ImageManager] Created image: 'TaharezLook/WindowRightEdge' (06BAA578) of type: BasicImage
08/07/2017 14:52:13 (Std) 	[ImageManager] Created image: 'TaharezLook/WindowTopEdge' (06BAA690) of type: BasicImage
08/07/2017 14:52:13 (Std) 	[ImageManager] Created image: 'TaharezLook/WindowBottomEdge' (06BAA7A8) of type: BasicImage
08/07/2017 14:52:13 (Std) 	[ImageManager] Created image: 'TaharezLook/WindowTopLeft' (06BA9EE8) of type: BasicImage
08/07/2017 14:52:13 (Std) 	[ImageManager] Created image: 'TaharezLook/WindowTopRight' (06BAA9D8) of type: BasicImage
08/07/2017 14:52:13 (Std) 	[ImageManager] Created image: 'TaharezLook/WindowBottomLeft' (06BAAAF0) of type: BasicImage
08/07/2017 14:52:13 (Std) 	[ImageManager] Created image: 'TaharezLook/WindowBottomRight' (06BAA8C0) of type: BasicImage
08/07/2017 14:52:13 (Std) 	[ImageManager] Created image: 'TaharezLook/ButtonLeftNormal' (06BAAC08) of type: BasicImage
08/07/2017 14:52:13 (Std) 	[ImageManager] Created image: 'TaharezLook/ButtonMiddleNormal' (06BAAD20) of type: BasicImage
08/07/2017 14:52:13 (Std) 	[ImageManager] Created image: 'TaharezLook/ButtonRightNormal' (06BAAE38) of type: BasicImage
08/07/2017 14:52:13 (Std) 	[ImageManager] Created image: 'TaharezLook/ButtonLeftPushed' (06BAAF50) of type: BasicImage
08/07/2017 14:52:13 (Std) 	[ImageManager] Created image: 'TaharezLook/ButtonMiddlePushed' (06BAB068) of type: BasicImage
08/07/2017 14:52:13 (Std) 	[ImageManager] Created image: 'TaharezLook/ButtonRightPushed' (06BAB180) of type: BasicImage
08/07/2017 14:52:13 (Std) 	[ImageManager] Created image: 'TaharezLook/ButtonLeftHighlight' (06BAB298) of type: BasicImage
08/07/2017 14:52:13 (Std) 	[ImageManager] Created image: 'TaharezLook/ButtonMiddleHighlight' (06BAB3B0) of type: BasicImage
08/07/2017 14:52:13 (Std) 	[ImageManager] Created image: 'TaharezLook/ButtonRightHighlight' (06BAB4C8) of type: BasicImage
08/07/2017 14:52:13 (Std) 	[ImageManager] Created image: 'TaharezLook/CheckboxNormal' (06BAB5E0) of type: BasicImage
08/07/2017 14:52:13 (Std) 	[ImageManager] Created image: 'TaharezLook/CheckboxHover' (06BAB810) of type: BasicImage
08/07/2017 14:52:13 (Std) 	[ImageManager] Created image: 'TaharezLook/CheckboxMark' (06BAB928) of type: BasicImage
08/07/2017 14:52:13 (Std) 	[ImageManager] Created image: 'TaharezLook/RadioButtonNormal' (06BABA40) of type: BasicImage
08/07/2017 14:52:13 (Std) 	[ImageManager] Created image: 'TaharezLook/RadioButtonHover' (06BAB6F8) of type: BasicImage
08/07/2017 14:52:13 (Std) 	[ImageManager] Created image: 'TaharezLook/RadioButtonMark' (06BABB58) of type: BasicImage
08/07/2017 14:52:13 (Std) 	[ImageManager] Created image: 'TaharezLook/TitlebarLeft' (06BABD88) of type: BasicImage
08/07/2017 14:52:13 (Std) 	[ImageManager] Created image: 'TaharezLook/TitlebarMiddle' (06BABC70) of type: BasicImage
08/07/2017 14:52:13 (Std) 	[ImageManager] Created image: 'TaharezLook/TitlebarRight' (06BD0F20) of type: BasicImage
08/07/2017 14:52:13 (Std) 	[ImageManager] Created image: 'TaharezLook/NewTitlebarLeft' (06BD1150) of type: BasicImage
08/07/2017 14:52:13 (Std) 	[ImageManager] Created image: 'TaharezLook/NewTitlebarMiddle' (06BD1268) of type: BasicImage
08/07/2017 14:52:13 (Std) 	[ImageManager] Created image: 'TaharezLook/NewTitlebarRight' (06BD1038) of type: BasicImage
08/07/2017 14:52:13 (Std) 	[ImageManager] Created image: 'TaharezLook/SysAreaMiddle' (06BD1380) of type: BasicImage
08/07/2017 14:52:13 (Std) 	[ImageManager] Created image: 'TaharezLook/SysAreaRight' (06BD15B0) of type: BasicImage
08/07/2017 14:52:13 (Std) 	[ImageManager] Created image: 'TaharezLook/StaticLeft' (06BD16C8) of type: BasicImage
08/07/2017 14:52:13 (Std) 	[ImageManager] Created image: 'TaharezLook/StaticRight' (06BD17E0) of type: BasicImage
08/07/2017 14:52:13 (Std) 	[ImageManager] Created image: 'TaharezLook/StaticTop' (06BD18F8) of type: BasicImage
08/07/2017 14:52:13 (Std) 	[ImageManager] Created image: 'TaharezLook/StaticBottom' (06BD1A10) of type: BasicImage
08/07/2017 14:52:13 (Std) 	[ImageManager] Created image: 'TaharezLook/StaticTopLeft' (06BD1B28) of type: BasicImage
08/07/2017 14:52:13 (Std) 	[ImageManager] Created image: 'TaharezLook/StaticTopRight' (06BD1C40) of type: BasicImage
08/07/2017 14:52:13 (Std) 	[ImageManager] Created image: 'TaharezLook/StaticBottomLeft' (06BD1D58) of type: BasicImage
08/07/2017 14:52:13 (Std) 	[ImageManager] Created image: 'TaharezLook/StaticBottomRight' (06BD1498) of type: BasicImage
08/07/2017 14:52:13 (Std) 	[ImageManager] Created image: 'TaharezLook/StaticBackdrop' (06BD1E70) of type: BasicImage
08/07/2017 14:52:13 (Std) 	[ImageManager] Created image: 'TaharezLook/ProgressBarLeft' (06BD20A0) of type: BasicImage
08/07/2017 14:52:13 (Std) 	[ImageManager] Created image: 'TaharezLook/ProgressBarMiddle' (06BD21B8) of type: BasicImage
08/07/2017 14:52:13 (Std) 	[ImageManager] Created image: 'TaharezLook/ProgressBarRight' (06BD1F88) of type: BasicImage
08/07/2017 14:52:13 (Std) 	[ImageManager] Created image: 'TaharezLook/ProgressBarDimSegment' (06BD22D0) of type: BasicImage
08/07/2017 14:52:13 (Std) 	[ImageManager] Created image: 'TaharezLook/ProgressBarLitSegment' (06BD23E8) of type: BasicImage
08/07/2017 14:52:13 (Std) 	[ImageManager] Created image: 'TaharezLook/EditBoxLeft' (06BD2500) of type: BasicImage
08/07/2017 14:52:13 (Std) 	[ImageManager] Created image: 'TaharezLook/EditBoxMiddle' (06BD2730) of type: BasicImage
08/07/2017 14:52:13 (Std) 	[ImageManager] Created image: 'TaharezLook/EditBoxRight' (06BD2848) of type: BasicImage
08/07/2017 14:52:13 (Std) 	[ImageManager] Created image: 'TaharezLook/EditBoxCaret' (06BD2960) of type: BasicImage
08/07/2017 14:52:13 (Std) 	[ImageManager] Created image: 'TaharezLook/SpinnerUpNormal' (06BD2A78) of type: BasicImage
08/07/2017 14:52:13 (Std) 	[ImageManager] Created image: 'TaharezLook/SpinnerDownNormal' (06BD2B90) of type: BasicImage
08/07/2017 14:52:13 (Std) 	[ImageManager] Created image: 'TaharezLook/SpinnerUpHover' (06BD2618) of type: BasicImage
08/07/2017 14:52:13 (Std) 	[ImageManager] Created image: 'TaharezLook/SpinnerDownHover' (06BD2DC0) of type: BasicImage
08/07/2017 14:52:13 (Std) 	[ImageManager] Created image: 'TaharezLook/TextSelectionBrush' (06BD2CA8) of type: BasicImage
08/07/2017 14:52:13 (Std) 	[ImageManager] Created image: 'TaharezLook/VertScrollTop' (06E78B28) of type: BasicImage
08/07/2017 14:52:13 (Std) 	[ImageManager] Created image: 'TaharezLook/VertScrollMiddle' (06E78D58) of type: BasicImage
08/07/2017 14:52:13 (Std) 	[ImageManager] Created image: 'TaharezLook/VertScrollBottom' (06E78C40) of type: BasicImage
08/07/2017 14:52:13 (Std) 	[ImageManager] Created image: 'TaharezLook/VertScrollBarSegment' (06E78E70) of type: BasicImage
08/07/2017 14:52:13 (Std) 	[ImageManager] Created image: 'TaharezLook/VertScrollThumbNormal' (06E78F88) of type: BasicImage
08/07/2017 14:52:13 (Std) 	[ImageManager] Created image: 'TaharezLook/VertScrollThumbHover' (06E790A0) of type: BasicImage
08/07/2017 14:52:13 (Std) 	[ImageManager] Created image: 'TaharezLook/VertScrollUpNormal' (06E791B8) of type: BasicImage
08/07/2017 14:52:13 (Std) 	[ImageManager] Created image: 'TaharezLook/VertScrollDownNormal' (06E792D0) of type: BasicImage
08/07/2017 14:52:13 (Std) 	[ImageManager] Created image: 'TaharezLook/VertScrollUpHover' (06E793E8) of type: BasicImage
08/07/2017 14:52:13 (Std) 	[ImageManager] Created image: 'TaharezLook/VertScrollDownHover' (06E79500) of type: BasicImage
08/07/2017 14:52:13 (Std) 	[ImageManager] Created image: 'TaharezLook/MiniVertScrollBarSegment' (06E79618) of type: BasicImage
08/07/2017 14:52:13 (Std) 	[ImageManager] Created image: 'TaharezLook/MiniVertScrollThumbNormal' (06E79730) of type: BasicImage
08/07/2017 14:52:13 (Std) 	[ImageManager] Created image: 'TaharezLook/MiniVertScrollThumbTopNormal' (06E79848) of type: BasicImage
08/07/2017 14:52:13 (Std) 	[ImageManager] Created image: 'TaharezLook/MiniVertScrollThumbMiddleNormal' (06E79960) of type: BasicImage
08/07/2017 14:52:13 (Std) 	[ImageManager] Created image: 'TaharezLook/MiniVertScrollThumbBottomNormal' (06E79A78) of type: BasicImage
08/07/2017 14:52:13 (Std) 	[ImageManager] Created image: 'TaharezLook/MiniVertScrollThumbTopHover' (06E79B90) of type: BasicImage
08/07/2017 14:52:13 (Std) 	[ImageManager] Created image: 'TaharezLook/MiniVertScrollThumbMiddleHover' (06E79CA8) of type: BasicImage
08/07/2017 14:52:13 (Std) 	[ImageManager] Created image: 'TaharezLook/MiniVertScrollThumbBottomHover' (06E79DC0) of type: BasicImage
08/07/2017 14:52:13 (Std) 	[ImageManager] Created image: 'TaharezLook/MiniVertScrollThumbHover' (06E79ED8) of type: BasicImage
08/07/2017 14:52:13 (Std) 	[ImageManager] Created image: 'TaharezLook/MiniVertScrollUpNormal' (06E79FF0) of type: BasicImage
08/07/2017 14:52:13 (Std) 	[ImageManager] Created image: 'TaharezLook/MiniVertScrollDownNormal' (06E7A108) of type: BasicImage
08/07/2017 14:52:13 (Std) 	[ImageManager] Created image: 'TaharezLook/MiniVertScrollUpHover' (06E7A220) of type: BasicImage
08/07/2017 14:52:13 (Std) 	[ImageManager] Created image: 'TaharezLook/MiniVertScrollDownHover' (06E7A338) of type: BasicImage
08/07/2017 14:52:13 (Std) 	[ImageManager] Created image: 'TaharezLook/VertSliderBody' (06E7A450) of type: BasicImage
08/07/2017 14:52:13 (Std) 	[ImageManager] Created image: 'TaharezLook/VertSliderThumbNormal' (06E7A680) of type: BasicImage
08/07/2017 14:52:13 (Std) 	[ImageManager] Created image: 'TaharezLook/VertSliderThumbHover' (06E7A568) of type: BasicImage
08/07/2017 14:52:13 (Std) 	[ImageManager] Created image: 'TaharezLook/MiniHorzScrollBarSegment' (06E7A798) of type: BasicImage
08/07/2017 14:52:13 (Std) 	[ImageManager] Created image: 'TaharezLook/MiniHorzScrollThumbNormal' (06E7A8B0) of type: BasicImage
08/07/2017 14:52:13 (Std) 	[ImageManager] Created image: 'TaharezLook/MiniHorzScrollThumbLeftNormal' (06E7A9C8) of type: BasicImage
08/07/2017 14:52:13 (Std) 	[ImageManager] Created image: 'TaharezLook/MiniHorzScrollThumbMiddleNormal' (06FA7F70) of type: BasicImage
08/07/2017 14:52:13 (Std) 	[ImageManager] Created image: 'TaharezLook/MiniHorzScrollThumbRightNormal' (06FA8088) of type: BasicImage
08/07/2017 14:52:13 (Std) 	[ImageManager] Created image: 'TaharezLook/MiniHorzScrollThumbHover' (06FA81A0) of type: BasicImage
08/07/2017 14:52:13 (Std) 	[ImageManager] Created image: 'TaharezLook/MiniHorzScrollThumbLeftHover' (06FA82B8) of type: BasicImage
08/07/2017 14:52:13 (Std) 	[ImageManager] Created image: 'TaharezLook/MiniHorzScrollThumbMiddleHover' (06FA83D0) of type: BasicImage
08/07/2017 14:52:13 (Std) 	[ImageManager] Created image: 'TaharezLook/MiniHorzScrollThumbRightHover' (06FA84E8) of type: BasicImage
08/07/2017 14:52:13 (Std) 	[ImageManager] Created image: 'TaharezLook/MiniHorzScrollLeftNormal' (06FA8600) of type: BasicImage
08/07/2017 14:52:13 (Std) 	[ImageManager] Created image: 'TaharezLook/MiniHorzScrollRightNormal' (06FA8718) of type: BasicImage
08/07/2017 14:52:13 (Std) 	[ImageManager] Created image: 'TaharezLook/MiniHorzScrollLeftHover' (06FA8830) of type: BasicImage
08/07/2017 14:52:13 (Std) 	[ImageManager] Created image: 'TaharezLook/MiniHorzScrollRightHover' (06FA8948) of type: BasicImage
08/07/2017 14:52:13 (Std) 	[ImageManager] Created image: 'TaharezLook/ListboxLeft' (06FA8A60) of type: BasicImage
08/07/2017 14:52:13 (Std) 	[ImageManager] Created image: 'TaharezLook/ListboxRight' (06FA8C90) of type: BasicImage
08/07/2017 14:52:13 (Std) 	[ImageManager] Created image: 'TaharezLook/ListboxTop' (06FA8DA8) of type: BasicImage
08/07/2017 14:52:13 (Std) 	[ImageManager] Created image: 'TaharezLook/ListboxBottom' (06FA8EC0) of type: BasicImage
08/07/2017 14:52:13 (Std) 	[ImageManager] Created image: 'TaharezLook/ListboxTopLeft' (06FA8FD8) of type: BasicImage
08/07/2017 14:52:13 (Std) 	[ImageManager] Created image: 'TaharezLook/ListboxTopRight' (06FA90F0) of type: BasicImage
08/07/2017 14:52:13 (Std) 	[ImageManager] Created image: 'TaharezLook/ListboxBottomLeft' (06FA9208) of type: BasicImage
08/07/2017 14:52:13 (Std) 	[ImageManager] Created image: 'TaharezLook/ListboxBottomRight' (06FA8B78) of type: BasicImage
08/07/2017 14:52:13 (Std) 	[ImageManager] Created image: 'TaharezLook/ListboxBackdrop' (06FA9320) of type: BasicImage
08/07/2017 14:52:13 (Std) 	[ImageManager] Created image: 'TaharezLook/ListboxSelectionBrush' (06FA9550) of type: BasicImage
08/07/2017 14:52:13 (Std) 	[ImageManager] Created image: 'TaharezLook/ComboboxEditLeft' (06FA9438) of type: BasicImage
08/07/2017 14:52:13 (Std) 	[ImageManager] Created image: 'TaharezLook/ComboboxEditMiddle' (06FA9668) of type: BasicImage
08/07/2017 14:52:13 (Std) 	[ImageManager] Created image: 'TaharezLook/ComboboxListButtonNormal' (06FA9780) of type: BasicImage
08/07/2017 14:52:13 (Std) 	[ImageManager] Created image: 'TaharezLook/ComboboxListButtonHover' (06FA9898) of type: BasicImage
08/07/2017 14:52:13 (Std) 	[ImageManager] Created image: 'TaharezLook/ComboboxListLeft' (06FA99B0) of type: BasicImage
08/07/2017 14:52:13 (Std) 	[ImageManager] Created image: 'TaharezLook/ComboboxListRight' (06FA9AC8) of type: BasicImage
08/07/2017 14:52:13 (Std) 	[ImageManager] Created image: 'TaharezLook/ComboboxListTop' (06FA9BE0) of type: BasicImage
08/07/2017 14:52:13 (Std) 	[ImageManager] Created image: 'TaharezLook/ComboboxListBottom' (06FA9E10) of type: BasicImage
08/07/2017 14:52:13 (Std) 	[ImageManager] Created image: 'TaharezLook/ComboboxListTopLeft' (06FA9CF8) of type: BasicImage
08/07/2017 14:52:13 (Std) 	[ImageManager] Created image: 'TaharezLook/ComboboxListTopRight' (06FABF70) of type: BasicImage
08/07/2017 14:52:13 (Std) 	[ImageManager] Created image: 'TaharezLook/ComboboxListBottomLeft' (06FAC088) of type: BasicImage
08/07/2017 14:52:13 (Std) 	[ImageManager] Created image: 'TaharezLook/ComboboxListBottomRight' (06FAC1A0) of type: BasicImage
08/07/2017 14:52:13 (Std) 	[ImageManager] Created image: 'TaharezLook/ComboboxListBackdrop' (06FAC2B8) of type: BasicImage
08/07/2017 14:52:13 (Std) 	[ImageManager] Created image: 'TaharezLook/ComboboxSelectionBrush' (06FAC3D0) of type: BasicImage
08/07/2017 14:52:13 (Std) 	[ImageManager] Created image: 'TaharezLook/ComboboxDividerLeft' (06FAC4E8) of type: BasicImage
08/07/2017 14:52:13 (Std) 	[ImageManager] Created image: 'TaharezLook/ComboboxDividerMiddle' (06FAC600) of type: BasicImage
08/07/2017 14:52:13 (Std) 	[ImageManager] Created image: 'TaharezLook/ComboboxDividerRight' (06FAC718) of type: BasicImage
08/07/2017 14:52:13 (Std) 	[ImageManager] Created image: 'TaharezLook/HeaderBarBackdropNormal' (06FAC830) of type: BasicImage
08/07/2017 14:52:13 (Std) 	[ImageManager] Created image: 'TaharezLook/HeaderBarBackdropHover' (06FAC948) of type: BasicImage
08/07/2017 14:52:13 (Std) 	[ImageManager] Created image: 'TaharezLook/HeaderBarSplitterNormal' (06FACA60) of type: BasicImage
08/07/2017 14:52:13 (Std) 	[ImageManager] Created image: 'TaharezLook/HeaderBarSplitterHover' (06FACB78) of type: BasicImage
08/07/2017 14:52:13 (Std) 	[ImageManager] Created image: 'TaharezLook/HeaderBarSortUp' (06FACC90) of type: BasicImage
08/07/2017 14:52:13 (Std) 	[ImageManager] Created image: 'TaharezLook/HeaderBarSortDown' (06FACEC0) of type: BasicImage
08/07/2017 14:52:13 (Std) 	[ImageManager] Created image: 'TaharezLook/MultiListLeft' (06FACDA8) of type: BasicImage
08/07/2017 14:52:13 (Std) 	[ImageManager] Created image: 'TaharezLook/MultiListRight' (06FAD0F0) of type: BasicImage
08/07/2017 14:52:13 (Std) 	[ImageManager] Created image: 'TaharezLook/MultiListTop' (06FAD208) of type: BasicImage
08/07/2017 14:52:13 (Std) 	[ImageManager] Created image: 'TaharezLook/MultiListBottom' (06FAD320) of type: BasicImage
08/07/2017 14:52:13 (Std) 	[ImageManager] Created image: 'TaharezLook/MultiListTopLeft' (06FAD438) of type: BasicImage
08/07/2017 14:52:13 (Std) 	[ImageManager] Created image: 'TaharezLook/MultiListTopRight' (06FACFD8) of type: BasicImage
08/07/2017 14:52:13 (Std) 	[ImageManager] Created image: 'TaharezLook/MultiListBottomLeft' (06FAD550) of type: BasicImage
08/07/2017 14:52:13 (Std) 	[ImageManager] Created image: 'TaharezLook/MultiListBottomRight' (06FAD668) of type: BasicImage
08/07/2017 14:52:13 (Std) 	[ImageManager] Created image: 'TaharezLook/MultiListBackdrop' (06FAD780) of type: BasicImage
08/07/2017 14:52:13 (Std) 	[ImageManager] Created image: 'TaharezLook/MultiListSelectionBrush' (06FAD898) of type: BasicImage
08/07/2017 14:52:13 (Std) 	[ImageManager] Created image: 'TaharezLook/AltProgressLeft' (06FAD9B0) of type: BasicImage
08/07/2017 14:52:13 (Std) 	[ImageManager] Created image: 'TaharezLook/AltProgressMiddle' (06FADBE0) of type: BasicImage
08/07/2017 14:52:13 (Std) 	[ImageManager] Created image: 'TaharezLook/AltProgressRight' (06FADAC8) of type: BasicImage
08/07/2017 14:52:13 (Std) 	[ImageManager] Created image: 'TaharezLook/AltProgressQuarter' (06FADCF8) of type: BasicImage
08/07/2017 14:52:13 (Std) 	[ImageManager] Created image: 'TaharezLook/AltProgressHalf' (06FADE10) of type: BasicImage
08/07/2017 14:52:13 (Std) 	[ImageManager] Created image: 'TaharezLook/AltProgressLight1' (06E9F360) of type: BasicImage
08/07/2017 14:52:13 (Std) 	[ImageManager] Created image: 'TaharezLook/AltProgressLight2' (06E9F478) of type: BasicImage
08/07/2017 14:52:13 (Std) 	[ImageManager] Created image: 'TaharezLook/AltProgressLight3' (06E9F590) of type: BasicImage
08/07/2017 14:52:13 (Std) 	[ImageManager] Created image: 'TaharezLook/AltProgressLight4' (06E9F6A8) of type: BasicImage
08/07/2017 14:52:13 (Std) 	[ImageManager] Created image: 'TaharezLook/AltProgressLight5' (06E9F7C0) of type: BasicImage
08/07/2017 14:52:13 (Std) 	[ImageManager] Created image: 'TaharezLook/AltProgressLight6' (06E9F8D8) of type: BasicImage
08/07/2017 14:52:13 (Std) 	[ImageManager] Created image: 'TaharezLook/AltProgressLight7' (06E9F9F0) of type: BasicImage
08/07/2017 14:52:13 (Std) 	[ImageManager] Created image: 'TaharezLook/AltProgressLight8' (06E9FB08) of type: BasicImage
08/07/2017 14:52:13 (Std) 	[ImageManager] Created image: 'TaharezLook/AltProgressLight9' (06E9FC20) of type: BasicImage
08/07/2017 14:52:13 (Std) 	[ImageManager] Created image: 'TaharezLook/AltProgressLight10' (06E9FD38) of type: BasicImage
08/07/2017 14:52:13 (Std) 	[ImageManager] Created image: 'TaharezLook/CloseButtonNormal' (06E9FE50) of type: BasicImage
08/07/2017 14:52:13 (Std) 	[ImageManager] Created image: 'TaharezLook/CloseButtonHover' (06E9FF68) of type: BasicImage
08/07/2017 14:52:13 (Std) 	[ImageManager] Created image: 'TaharezLook/CloseButtonPressed' (06EA0080) of type: BasicImage
08/07/2017 14:52:13 (Std) 	[ImageManager] Created image: 'TaharezLook/NewCloseButtonNormal' (06EA0198) of type: BasicImage
08/07/2017 14:52:13 (Std) 	[ImageManager] Created image: 'TaharezLook/NewCloseButtonHover' (06EA02B0) of type: BasicImage
08/07/2017 14:52:13 (Std) 	[ImageManager] Created image: 'TaharezLook/NewCloseButtonPressed' (06EA03C8) of type: BasicImage
08/07/2017 14:52:13 (Std) 	[ImageManager] Created image: 'TaharezLook/MultiLineEditboxLeft' (06EA04E0) of type: BasicImage
08/07/2017 14:52:13 (Std) 	[ImageManager] Created image: 'TaharezLook/MultiLineEditboxRight' (06EA05F8) of type: BasicImage
08/07/2017 14:52:13 (Std) 	[ImageManager] Created image: 'TaharezLook/MultiLineEditboxTop' (06EA0710) of type: BasicImage
08/07/2017 14:52:13 (Std) 	[ImageManager] Created image: 'TaharezLook/MultiLineEditboxBottom' (06EA0828) of type: BasicImage
08/07/2017 14:52:13 (Std) 	[ImageManager] Created image: 'TaharezLook/MultiLineEditboxTopLeft' (06EA0940) of type: BasicImage
08/07/2017 14:52:13 (Std) 	[ImageManager] Created image: 'TaharezLook/MultiLineEditboxTopRight' (06EA0A58) of type: BasicImage
08/07/2017 14:52:13 (Std) 	[ImageManager] Created image: 'TaharezLook/MultiLineEditboxBottomLeft' (06EA0B70) of type: BasicImage
08/07/2017 14:52:13 (Std) 	[ImageManager] Created image: 'TaharezLook/MultiLineEditboxBottomRight' (06EA0C88) of type: BasicImage
08/07/2017 14:52:13 (Std) 	[ImageManager] Created image: 'TaharezLook/MultiLineEditboxBackdrop' (06EA0DA0) of type: BasicImage
08/07/2017 14:52:13 (Std) 	[ImageManager] Created image: 'TaharezLook/MultiLineEditboxSelectionBrush' (06EA0EB8) of type: BasicImage
08/07/2017 14:52:13 (Std) 	[ImageManager] Created image: 'TaharezLook/MouseTarget' (06EA0FD0) of type: BasicImage
08/07/2017 14:52:13 (Std) 	[ImageManager] Created image: 'TaharezLook/MouseArrow' (06EA1200) of type: BasicImage
08/07/2017 14:52:13 (Std) 	[ImageManager] Created image: 'TaharezLook/MouseMoveCursor' (06EA10E8) of type: BasicImage
08/07/2017 14:52:13 (Std) 	[ImageManager] Created image: 'TaharezLook/MouseNoSoCursor' (06EA3360) of type: BasicImage
08/07/2017 14:52:13 (Std) 	[ImageManager] Created image: 'TaharezLook/MouseEsWeCursor' (06EA3590) of type: BasicImage
08/07/2017 14:52:13 (Std) 	[ImageManager] Created image: 'TaharezLook/MouseNeSwCursor' (06EA36A8) of type: BasicImage
08/07/2017 14:52:13 (Std) 	[ImageManager] Created image: 'TaharezLook/MouseNwSeCursor' (06EA37C0) of type: BasicImage
08/07/2017 14:52:13 (Std) 	[ImageManager] Created image: 'TaharezLook/MouseTextBar' (06EA38D8) of type: BasicImage
08/07/2017 14:52:13 (Std) 	[ImageManager] Created image: 'TaharezLook/TabHorizontalFiller' (06EA39F0) of type: BasicImage
08/07/2017 14:52:13 (Std) 	[ImageManager] Created image: 'TaharezLook/TabContentPaneUpperLeft' (06EA3478) of type: BasicImage
08/07/2017 14:52:13 (Std) 	[ImageManager] Created image: 'TaharezLook/TabContentPaneUpper' (06EA3B08) of type: BasicImage
08/07/2017 14:52:13 (Std) 	[ImageManager] Created image: 'TaharezLook/TabContentPaneUpperRight' (06EA3C20) of type: BasicImage
08/07/2017 14:52:13 (Std) 	[ImageManager] Created image: 'TaharezLook/TabContentPaneLeft' (06EA3D38) of type: BasicImage
08/07/2017 14:52:13 (Std) 	[ImageManager] Created image: 'TaharezLook/TabContentPaneRight' (06EA3E50) of type: BasicImage
08/07/2017 14:52:13 (Std) 	[ImageManager] Created image: 'TaharezLook/TabContentPaneLower' (06EA3F68) of type: BasicImage
08/07/2017 14:52:13 (Std) 	[ImageManager] Created image: 'TaharezLook/TabContentPaneLowerLeft' (06EA4080) of type: BasicImage
08/07/2017 14:52:13 (Std) 	[ImageManager] Created image: 'TaharezLook/TabContentPaneLowerRight' (06EA4198) of type: BasicImage
08/07/2017 14:52:13 (Std) 	[ImageManager] Created image: 'TaharezLook/TabContentPaneMiddle' (06EA42B0) of type: BasicImage
08/07/2017 14:52:13 (Std) 	[ImageManager] Created image: 'TaharezLook/TabButtonScrollLeftNormal' (06EA43C8) of type: BasicImage
08/07/2017 14:52:13 (Std) 	[ImageManager] Created image: 'TaharezLook/TabButtonScrollRightNormal' (06EA44E0) of type: BasicImage
08/07/2017 14:52:13 (Std) 	[ImageManager] Created image: 'TaharezLook/TabButtonScrollLeftHover' (06EA45F8) of type: BasicImage
08/07/2017 14:52:13 (Std) 	[ImageManager] Created image: 'TaharezLook/TabButtonScrollRightHover' (06EA4710) of type: BasicImage
08/07/2017 14:52:13 (Std) 	[ImageManager] Created image: 'TaharezLook/TabButtonLeftNormal' (06EA4828) of type: BasicImage
08/07/2017 14:52:13 (Std) 	[ImageManager] Created image: 'TaharezLook/TabButtonRightNormal' (06EA4940) of type: BasicImage
08/07/2017 14:52:13 (Std) 	[ImageManager] Created image: 'TaharezLook/TabButtonUpperNormal' (06EA4A58) of type: BasicImage
08/07/2017 14:52:13 (Std) 	[ImageManager] Created image: 'TaharezLook/TabButtonLowerNormal' (06EA4B70) of type: BasicImage
08/07/2017 14:52:13 (Std) 	[ImageManager] Created image: 'TaharezLook/TabButtonUpperLeftNormal' (06EA4C88) of type: BasicImage
08/07/2017 14:52:13 (Std) 	[ImageManager] Created image: 'TaharezLook/TabButtonUpperLeft2Normal' (06EA4DA0) of type: BasicImage
08/07/2017 14:52:13 (Std) 	[ImageManager] Created image: 'TaharezLook/TabButtonUpperRightNormal' (06EA4EB8) of type: BasicImage
08/07/2017 14:52:13 (Std) 	[ImageManager] Created image: 'TaharezLook/TabButtonLowerLeftNormal' (06EA4FD0) of type: BasicImage
08/07/2017 14:52:13 (Std) 	[ImageManager] Created image: 'TaharezLook/TabButtonLowerRightNormal' (06EA50E8) of type: BasicImage
08/07/2017 14:52:13 (Std) 	[ImageManager] Created image: 'TaharezLook/TabButtonLowerRight2Normal' (06EA5200) of type: BasicImage
08/07/2017 14:52:13 (Std) 	[ImageManager] Created image: 'TaharezLook/TabButtonMiddleNormal' (06EAB360) of type: BasicImage
08/07/2017 14:52:13 (Std) 	[ImageManager] Created image: 'TaharezLook/TabButtonLeftSelected' (06EAB478) of type: BasicImage
08/07/2017 14:52:13 (Std) 	[ImageManager] Created image: 'TaharezLook/TabButtonRightSelected' (06EAB590) of type: BasicImage
08/07/2017 14:52:13 (Std) 	[ImageManager] Created image: 'TaharezLook/TabButtonUpperSelected' (06EAB6A8) of type: BasicImage
08/07/2017 14:52:13 (Std) 	[ImageManager] Created image: 'TaharezLook/TabButtonLowerSelected' (06EAB7C0) of type: BasicImage
08/07/2017 14:52:13 (Std) 	[ImageManager] Created image: 'TaharezLook/TabButtonUpperLeftSelected' (06EAB8D8) of type: BasicImage
08/07/2017 14:52:13 (Std) 	[ImageManager] Created image: 'TaharezLook/TabButtonUpperRightSelected' (06EAB9F0) of type: BasicImage
08/07/2017 14:52:13 (Std) 	[ImageManager] Created image: 'TaharezLook/TabButtonLowerLeftSelected' (06EABB08) of type: BasicImage
08/07/2017 14:52:13 (Std) 	[ImageManager] Created image: 'TaharezLook/TabButtonLowerRightSelected' (06EABC20) of type: BasicImage
08/07/2017 14:52:13 (Std) 	[ImageManager] Created image: 'TaharezLook/TabButtonMiddleSelected' (06EABD38) of type: BasicImage
08/07/2017 14:52:13 (Std) 	[ImageManager] Created image: 'TaharezLook/TooltipTopLeft' (06EABE50) of type: BasicImage
08/07/2017 14:52:13 (Std) 	[ImageManager] Created image: 'TaharezLook/TooltipTopRight' (06EAC080) of type: BasicImage
08/07/2017 14:52:13 (Std) 	[ImageManager] Created image: 'TaharezLook/TooltipBottomLeft' (06EAC198) of type: BasicImage
08/07/2017 14:52:13 (Std) 	[ImageManager] Created image: 'TaharezLook/TooltipBottomRight' (06EABF68) of type: BasicImage
08/07/2017 14:52:13 (Std) 	[ImageManager] Created image: 'TaharezLook/TooltipLeftEdge' (06EAC2B0) of type: BasicImage
08/07/2017 14:52:13 (Std) 	[ImageManager] Created image: 'TaharezLook/TooltipRightEdge' (06EAC4E0) of type: BasicImage
08/07/2017 14:52:13 (Std) 	[ImageManager] Created image: 'TaharezLook/TooltipTopEdge' (06EAC3C8) of type: BasicImage
08/07/2017 14:52:13 (Std) 	[ImageManager] Created image: 'TaharezLook/TooltipBottomEdge' (06EAC710) of type: BasicImage
08/07/2017 14:52:13 (Std) 	[ImageManager] Created image: 'TaharezLook/TooltipMiddle' (06EAC5F8) of type: BasicImage
08/07/2017 14:52:13 (Std) 	[ImageManager] Created image: 'TaharezLook/MenuTopLeft' (06EAC940) of type: BasicImage
08/07/2017 14:52:13 (Std) 	[ImageManager] Created image: 'TaharezLook/MenuTopRight' (06EACA58) of type: BasicImage
08/07/2017 14:52:13 (Std) 	[ImageManager] Created image: 'TaharezLook/MenuBottomLeft' (06EACB70) of type: BasicImage
08/07/2017 14:52:13 (Std) 	[ImageManager] Created image: 'TaharezLook/MenuBottomRight' (06EACC88) of type: BasicImage
08/07/2017 14:52:13 (Std) 	[ImageManager] Created image: 'TaharezLook/MenuLeft' (06EACDA0) of type: BasicImage
08/07/2017 14:52:13 (Std) 	[ImageManager] Created image: 'TaharezLook/MenuRight' (06EAC828) of type: BasicImage
08/07/2017 14:52:13 (Std) 	[ImageManager] Created image: 'TaharezLook/MenuTop' (06EACFD0) of type: BasicImage
08/07/2017 14:52:13 (Std) 	[ImageManager] Created image: 'TaharezLook/MenuBottom' (06EACEB8) of type: BasicImage
08/07/2017 14:52:13 (Std) 	[ImageManager] Created image: 'TaharezLook/MenuMiddle' (06EAD200) of type: BasicImage
08/07/2017 14:52:13 (Std) 	[ImageManager] Created image: 'TaharezLook/PopupMenuFrameTopLeft' (06EAD0E8) of type: BasicImage
08/07/2017 14:52:13 (Std) 	[ImageManager] Created image: 'TaharezLook/PopupMenuFrameTopRight' (06EB1360) of type: BasicImage
08/07/2017 14:52:13 (Std) 	[ImageManager] Created image: 'TaharezLook/PopupMenuFrameBottomLeft' (06EB1478) of type: BasicImage
08/07/2017 14:52:13 (Std) 	[ImageManager] Created image: 'TaharezLook/PopupMenuFrameBottomRight' (06EB1590) of type: BasicImage
08/07/2017 14:52:13 (Std) 	[ImageManager] Created image: 'TaharezLook/PopupMenuFrameLeft' (06EB16A8) of type: BasicImage
08/07/2017 14:52:13 (Std) 	[ImageManager] Created image: 'TaharezLook/PopupMenuFrameRight' (06EB17C0) of type: BasicImage
08/07/2017 14:52:13 (Std) 	[ImageManager] Created image: 'TaharezLook/PopupMenuFrameTop' (06EB18D8) of type: BasicImage
08/07/2017 14:52:13 (Std) 	[ImageManager] Created image: 'TaharezLook/PopupMenuFrameBottom' (06EB19F0) of type: BasicImage
08/07/2017 14:52:13 (Std) 	[ImageManager] Created image: 'TaharezLook/PopupMenuMiddle' (06EB1B08) of type: BasicImage
08/07/2017 14:52:13 (Std) 	[ImageManager] Created image: 'TaharezLook/PopupMenuArrowRight' (06EB1D38) of type: BasicImage
08/07/2017 14:52:13 (Std) 	[ImageManager] Created image: 'TaharezLook/PopupMenuArrowLeft' (06EB1C20) of type: BasicImage
08/07/2017 14:52:13 (Std) 	[ImageManager] Created image: 'TaharezLook/TreeListClosed' (06EB1E50) of type: BasicImage
08/07/2017 14:52:13 (Std) 	[ImageManager] Created image: 'TaharezLook/TreeListOpened' (06EB2080) of type: BasicImage
08/07/2017 14:52:13 (Std) 	[ImageManager] Created image: 'TaharezLook/UpArrow' (06EB2198) of type: BasicImage
08/07/2017 14:52:13 (Std) 	===== Falagard 'root' element: look and feel parsing begins =====
08/07/2017 14:52:13 (Std) 	===== Look and feel parsing completed =====
08/07/2017 14:52:13 (Std) 	No window renderer factories specified for module 'CEGUICoreWindowRendererSet' - adding all available factories...
08/07/2017 14:52:13 (Std) 	Created WindowRendererFactory for 'Core/Button' WindowRenderers.
08/07/2017 14:52:13 (Std) 	WindowRendererFactory 'Core/Button' added. (06BBA878)
08/07/2017 14:52:13 (Std) 	Created WindowRendererFactory for 'Core/Default' WindowRenderers.
08/07/2017 14:52:13 (Std) 	WindowRendererFactory 'Core/Default' added. (06BBA940)
08/07/2017 14:52:13 (Std) 	Created WindowRendererFactory for 'Core/Editbox' WindowRenderers.
08/07/2017 14:52:13 (Std) 	WindowRendererFactory 'Core/Editbox' added. (06BBAA08)
08/07/2017 14:52:13 (Std) 	Created WindowRendererFactory for 'Core/FrameWindow' WindowRenderers.
08/07/2017 14:52:13 (Std) 	WindowRendererFactory 'Core/FrameWindow' added. (06BBAAD0)
08/07/2017 14:52:13 (Std) 	Created WindowRendererFactory for 'Core/ItemEntry' WindowRenderers.
08/07/2017 14:52:13 (Std) 	WindowRendererFactory 'Core/ItemEntry' added. (06BBAB98)
08/07/2017 14:52:13 (Std) 	Created WindowRendererFactory for 'Core/ListHeader' WindowRenderers.
08/07/2017 14:52:13 (Std) 	WindowRendererFactory 'Core/ListHeader' added. (06BBAD28)
08/07/2017 14:52:13 (Std) 	Created WindowRendererFactory for 'Core/ListHeaderSegment' WindowRenderers.
08/07/2017 14:52:13 (Std) 	WindowRendererFactory 'Core/ListHeaderSegment' added. (06BBADF0)
08/07/2017 14:52:13 (Std) 	Created WindowRendererFactory for 'Core/Listbox' WindowRenderers.
08/07/2017 14:52:13 (Std) 	WindowRendererFactory 'Core/Listbox' added. (06BBAC60)
08/07/2017 14:52:13 (Std) 	Created WindowRendererFactory for 'Core/Menubar' WindowRenderers.
08/07/2017 14:52:13 (Std) 	WindowRendererFactory 'Core/Menubar' added. (06BBAEB8)
08/07/2017 14:52:13 (Std) 	Created WindowRendererFactory for 'Core/MenuItem' WindowRenderers.
08/07/2017 14:52:13 (Std) 	WindowRendererFactory 'Core/MenuItem' added. (06BBAF80)
08/07/2017 14:52:13 (Std) 	Created WindowRendererFactory for 'Core/MultiColumnList' WindowRenderers.
08/07/2017 14:52:13 (Std) 	WindowRendererFactory 'Core/MultiColumnList' added. (06BBB048)
08/07/2017 14:52:13 (Std) 	Created WindowRendererFactory for 'Core/MultiLineEditbox' WindowRenderers.
08/07/2017 14:52:13 (Std) 	WindowRendererFactory 'Core/MultiLineEditbox' added. (06BBB110)
08/07/2017 14:52:13 (Std) 	Created WindowRendererFactory for 'Core/PopupMenu' WindowRenderers.
08/07/2017 14:52:13 (Std) 	WindowRendererFactory 'Core/PopupMenu' added. (06BBB1D8)
08/07/2017 14:52:13 (Std) 	Created WindowRendererFactory for 'Core/ProgressBar' WindowRenderers.
08/07/2017 14:52:13 (Std) 	WindowRendererFactory 'Core/ProgressBar' added. (06BBB368)
08/07/2017 14:52:13 (Std) 	Created WindowRendererFactory for 'Core/ScrollablePane' WindowRenderers.
08/07/2017 14:52:13 (Std) 	WindowRendererFactory 'Core/ScrollablePane' added. (06BBB2A0)
08/07/2017 14:52:13 (Std) 	Created WindowRendererFactory for 'Core/Scrollbar' WindowRenderers.
08/07/2017 14:52:13 (Std) 	WindowRendererFactory 'Core/Scrollbar' added. (06BBB430)
08/07/2017 14:52:13 (Std) 	Created WindowRendererFactory for 'Core/Slider' WindowRenderers.
08/07/2017 14:52:13 (Std) 	WindowRendererFactory 'Core/Slider' added. (06BBB5C0)
08/07/2017 14:52:13 (Std) 	Created WindowRendererFactory for 'Core/Static' WindowRenderers.
08/07/2017 14:52:13 (Std) 	WindowRendererFactory 'Core/Static' added. (06BBB4F8)
08/07/2017 14:52:13 (Std) 	Created WindowRendererFactory for 'Core/StaticImage' WindowRenderers.
08/07/2017 14:52:13 (Std) 	WindowRendererFactory 'Core/StaticImage' added. (06BBB688)
08/07/2017 14:52:13 (Std) 	Created WindowRendererFactory for 'Core/StaticText' WindowRenderers.
08/07/2017 14:52:13 (Std) 	WindowRendererFactory 'Core/StaticText' added. (06BBB750)
08/07/2017 14:52:13 (Std) 	Created WindowRendererFactory for 'Core/TabButton' WindowRenderers.
08/07/2017 14:52:13 (Std) 	WindowRendererFactory 'Core/TabButton' added. (06BBB8E0)
08/07/2017 14:52:13 (Std) 	Created WindowRendererFactory for 'Core/TabControl' WindowRenderers.
08/07/2017 14:52:13 (Std) 	WindowRendererFactory 'Core/TabControl' added. (06BBB9A8)
08/07/2017 14:52:13 (Std) 	Created WindowRendererFactory for 'Core/Titlebar' WindowRenderers.
08/07/2017 14:52:13 (Std) 	WindowRendererFactory 'Core/Titlebar' added. (06BBB818)
08/07/2017 14:52:13 (Std) 	Created WindowRendererFactory for 'Core/ToggleButton' WindowRenderers.
08/07/2017 14:52:13 (Std) 	WindowRendererFactory 'Core/ToggleButton' added. (070AEA70)
08/07/2017 14:52:13 (Std) 	Created WindowRendererFactory for 'Core/Tooltip' WindowRenderers.
08/07/2017 14:52:13 (Std) 	WindowRendererFactory 'Core/Tooltip' added. (070AEB38)
08/07/2017 14:52:13 (Std) 	Created WindowRendererFactory for 'Core/ItemListbox' WindowRenderers.
08/07/2017 14:52:13 (Std) 	WindowRendererFactory 'Core/ItemListbox' added. (070AEC00)
08/07/2017 14:52:13 (Std) 	Created WindowRendererFactory for 'Core/Tree' WindowRenderers.
08/07/2017 14:52:13 (Std) 	WindowRendererFactory 'Core/Tree' added. (070AECC8)
08/07/2017 14:52:13 (Std) 	Creating falagard mapping for type 'TaharezLook/Label' using base type 'DefaultWindow', window renderer 'Core/Default' Look'N'Feel 'TaharezLook/Label' and RenderEffect ''. (0044CD18)
08/07/2017 14:52:13 (Std) 	Creating falagard mapping for type 'TaharezLook/Button' using base type 'CEGUI/PushButton', window renderer 'Core/Button' Look'N'Feel 'TaharezLook/Button' and RenderEffect ''. (0044CD18)
08/07/2017 14:52:13 (Std) 	Creating falagard mapping for type 'TaharezLook/Checkbox' using base type 'CEGUI/ToggleButton', window renderer 'Core/ToggleButton' Look'N'Feel 'TaharezLook/Checkbox' and RenderEffect ''. (0044CD18)
08/07/2017 14:52:13 (Std) 	Creating falagard mapping for type 'TaharezLook/ImageButton' using base type 'CEGUI/PushButton', window renderer 'Core/Button' Look'N'Feel 'TaharezLook/ImageButton' and RenderEffect ''. (0044CD18)
08/07/2017 14:52:13 (Std) 	Creating falagard mapping for type 'TaharezLook/RadioButton' using base type 'CEGUI/RadioButton', window renderer 'Core/ToggleButton' Look'N'Feel 'TaharezLook/RadioButton' and RenderEffect ''. (0044CD18)
08/07/2017 14:52:13 (Std) 	Creating falagard mapping for type 'TaharezLook/FrameWindow' using base type 'CEGUI/FrameWindow', window renderer 'Core/FrameWindow' Look'N'Feel 'TaharezLook/FrameWindow' and RenderEffect ''. (0044CD18)
08/07/2017 14:52:13 (Std) 	Creating falagard mapping for type 'TaharezLook/Titlebar' using base type 'CEGUI/Titlebar', window renderer 'Core/Titlebar' Look'N'Feel 'TaharezLook/Titlebar' and RenderEffect ''. (0044CD18)
08/07/2017 14:52:13 (Std) 	Creating falagard mapping for type 'TaharezLook/Editbox' using base type 'CEGUI/Editbox', window renderer 'Core/Editbox' Look'N'Feel 'TaharezLook/Editbox' and RenderEffect ''. (0044CD18)
08/07/2017 14:52:13 (Std) 	Creating falagard mapping for type 'TaharezLook/MultiLineEditbox' using base type 'CEGUI/MultiLineEditbox', window renderer 'Core/MultiLineEditbox' Look'N'Feel 'TaharezLook/MultiLineEditbox' and RenderEffect ''. (0044CD18)
08/07/2017 14:52:13 (Std) 	Creating falagard mapping for type 'TaharezLook/Menubar' using base type 'CEGUI/Menubar', window renderer 'Core/Menubar' Look'N'Feel 'TaharezLook/Menubar' and RenderEffect ''. (0044CD18)
08/07/2017 14:52:13 (Std) 	Creating falagard mapping for type 'TaharezLook/PopupMenu' using base type 'CEGUI/PopupMenu', window renderer 'Core/PopupMenu' Look'N'Feel 'TaharezLook/PopupMenu' and RenderEffect ''. (0044CD18)
08/07/2017 14:52:13 (Std) 	Creating falagard mapping for type 'TaharezLook/MenuItem' using base type 'CEGUI/MenuItem', window renderer 'Core/MenuItem' Look'N'Feel 'TaharezLook/MenuItem' and RenderEffect ''. (0044CD18)
08/07/2017 14:52:13 (Std) 	Creating falagard mapping for type 'TaharezLook/AlternateProgressBar' using base type 'CEGUI/ProgressBar', window renderer 'Core/ProgressBar' Look'N'Feel 'TaharezLook/AltProgressBar' and RenderEffect ''. (0044CD18)
08/07/2017 14:52:13 (Std) 	Creating falagard mapping for type 'TaharezLook/ProgressBar' using base type 'CEGUI/ProgressBar', window renderer 'Core/ProgressBar' Look'N'Feel 'TaharezLook/ProgressBar' and RenderEffect ''. (0044CD18)
08/07/2017 14:52:13 (Std) 	Creating falagard mapping for type 'TaharezLook/VUMeter' using base type 'CEGUI/ProgressBar', window renderer 'Core/ProgressBar' Look'N'Feel 'TaharezLook/VUMeter' and RenderEffect ''. (0044CD18)
08/07/2017 14:52:13 (Std) 	Creating falagard mapping for type 'TaharezLook/VerticalScrollbar' using base type 'CEGUI/Scrollbar', window renderer 'Core/Scrollbar' Look'N'Feel 'TaharezLook/VerticalScrollbar' and RenderEffect ''. (0044CD18)
08/07/2017 14:52:13 (Std) 	Creating falagard mapping for type 'TaharezLook/HorizontalScrollbar' using base type 'CEGUI/Scrollbar', window renderer 'Core/Scrollbar' Look'N'Feel 'TaharezLook/HorizontalScrollbar' and RenderEffect ''. (0044CD18)
08/07/2017 14:52:13 (Std) 	Creating falagard mapping for type 'TaharezLook/VerticalScrollbarThumb' using base type 'CEGUI/Thumb', window renderer 'Core/Button' Look'N'Feel 'TaharezLook/VerticalScrollbarThumb' and RenderEffect ''. (0044CD18)
08/07/2017 14:52:13 (Std) 	Creating falagard mapping for type 'TaharezLook/HorizontalScrollbarThumb' using base type 'CEGUI/Thumb', window renderer 'Core/Button' Look'N'Feel 'TaharezLook/HorizontalScrollbarThumb' and RenderEffect ''. (0044CD18)
08/07/2017 14:52:13 (Std) 	Creating falagard mapping for type 'TaharezLook/LargeVerticalScrollbar' using base type 'CEGUI/Scrollbar', window renderer 'Core/Scrollbar' Look'N'Feel 'TaharezLook/LargeVerticalScrollbar' and RenderEffect ''. (0044CD18)
08/07/2017 14:52:13 (Std) 	Creating falagard mapping for type 'TaharezLook/LargeVerticalScrollbarThumb' using base type 'CEGUI/Thumb', window renderer 'Core/Button' Look'N'Feel 'TaharezLook/LargeVerticalScrollbarThumb' and RenderEffect ''. (0044CD18)
08/07/2017 14:52:13 (Std) 	Creating falagard mapping for type 'TaharezLook/TabButton' using base type 'CEGUI/TabButton', window renderer 'Core/TabButton' Look'N'Feel 'TaharezLook/TabButton' and RenderEffect ''. (0044CD18)
08/07/2017 14:52:13 (Std) 	Creating falagard mapping for type 'TaharezLook/TabControl' using base type 'CEGUI/TabControl', window renderer 'Core/TabControl' Look'N'Feel 'TaharezLook/TabControl' and RenderEffect ''. (0044CD18)
08/07/2017 14:52:13 (Std) 	Creating falagard mapping for type 'TaharezLook/TabContentPane' using base type 'DefaultWindow', window renderer 'Core/Default' Look'N'Feel 'TaharezLook/TabContentPane' and RenderEffect ''. (0044CD18)
08/07/2017 14:52:13 (Std) 	Creating falagard mapping for type 'TaharezLook/TabButtonPane' using base type 'DefaultWindow', window renderer 'Core/Default' Look'N'Feel 'TaharezLook/TabButtonPane' and RenderEffect ''. (0044CD18)
08/07/2017 14:52:13 (Std) 	Creating falagard mapping for type 'TaharezLook/ComboDropList' using base type 'CEGUI/ComboDropList', window renderer 'Core/Listbox' Look'N'Feel 'TaharezLook/ComboDropList' and RenderEffect ''. (0044CD18)
08/07/2017 14:52:13 (Std) 	Creating falagard mapping for type 'TaharezLook/ComboEditbox' using base type 'CEGUI/Editbox', window renderer 'Core/Editbox' Look'N'Feel 'TaharezLook/ComboEditbox' and RenderEffect ''. (0044CD18)
08/07/2017 14:52:13 (Std) 	Creating falagard mapping for type 'TaharezLook/Combobox' using base type 'CEGUI/Combobox', window renderer 'Core/Default' Look'N'Feel 'TaharezLook/Combobox' and RenderEffect ''. (0044CD18)
08/07/2017 14:52:13 (Std) 	Creating falagard mapping for type 'TaharezLook/Listbox' using base type 'CEGUI/Listbox', window renderer 'Core/Listbox' Look'N'Feel 'TaharezLook/Listbox' and RenderEffect ''. (0044CD18)
08/07/2017 14:52:13 (Std) 	Creating falagard mapping for type 'TaharezLook/ListHeader' using base type 'CEGUI/ListHeader', window renderer 'Core/ListHeader' Look'N'Feel 'TaharezLook/ListHeader' and RenderEffect ''. (0044CD18)
08/07/2017 14:52:13 (Std) 	Creating falagard mapping for type 'TaharezLook/ListHeaderSegment' using base type 'CEGUI/ListHeaderSegment', window renderer 'Core/ListHeaderSegment' Look'N'Feel 'TaharezLook/ListHeaderSegment' and RenderEffect ''. (0044CD18)
08/07/2017 14:52:13 (Std) 	Creating falagard mapping for type 'TaharezLook/MultiColumnList' using base type 'CEGUI/MultiColumnList', window renderer 'Core/MultiColumnList' Look'N'Feel 'TaharezLook/MultiColumnList' and RenderEffect ''. (0044CD18)
08/07/2017 14:52:13 (Std) 	Creating falagard mapping for type 'TaharezLook/Slider' using base type 'CEGUI/Slider', window renderer 'Core/Slider' Look'N'Feel 'TaharezLook/Slider' and RenderEffect ''. (0044CD18)
08/07/2017 14:52:13 (Std) 	Creating falagard mapping for type 'TaharezLook/SliderThumb' using base type 'CEGUI/Thumb', window renderer 'Core/Button' Look'N'Feel 'TaharezLook/SliderThumb' and RenderEffect ''. (0044CD18)
08/07/2017 14:52:13 (Std) 	Creating falagard mapping for type 'TaharezLook/ScrollablePane' using base type 'CEGUI/ScrollablePane', window renderer 'Core/ScrollablePane' Look'N'Feel 'TaharezLook/ScrollablePane' and RenderEffect ''. (0044CD18)
08/07/2017 14:52:13 (Std) 	Creating falagard mapping for type 'TaharezLook/Spinner' using base type 'CEGUI/Spinner', window renderer 'Core/Default' Look'N'Feel 'TaharezLook/Spinner' and RenderEffect ''. (0044CD18)
08/07/2017 14:52:13 (Std) 	Creating falagard mapping for type 'TaharezLook/Tooltip' using base type 'CEGUI/Tooltip', window renderer 'Core/Tooltip' Look'N'Feel 'TaharezLook/Tooltip' and RenderEffect ''. (0044CD18)
08/07/2017 14:52:13 (Std) 	Creating falagard mapping for type 'TaharezLook/StaticImage' using base type 'DefaultWindow', window renderer 'Core/StaticImage' Look'N'Feel 'TaharezLook/StaticImage' and RenderEffect ''. (0044CD18)
08/07/2017 14:52:13 (Std) 	Creating falagard mapping for type 'TaharezLook/StaticText' using base type 'DefaultWindow', window renderer 'Core/StaticText' Look'N'Feel 'TaharezLook/StaticText' and RenderEffect ''. (0044CD18)
08/07/2017 14:52:13 (Std) 	Creating falagard mapping for type 'TaharezLook/ItemListbox' using base type 'CEGUI/ItemListbox', window renderer 'Core/ItemListbox' Look'N'Feel 'TaharezLook/ItemListbox' and RenderEffect ''. (0044CD18)
08/07/2017 14:52:13 (Std) 	Creating falagard mapping for type 'TaharezLook/ListboxItem' using base type 'CEGUI/ItemEntry', window renderer 'Core/ItemEntry' Look'N'Feel 'TaharezLook/ListboxItem' and RenderEffect ''. (0044CD18)
08/07/2017 14:52:13 (Std) 	Creating falagard mapping for type 'TaharezLook/GroupBox' using base type 'DefaultWindow', window renderer 'Core/Default' Look'N'Feel 'TaharezLook/GroupBox' and RenderEffect ''. (0044CD18)
08/07/2017 14:52:13 (Std) 	Creating falagard mapping for type 'TaharezLook/Tree' using base type 'CEGUI/Tree', window renderer 'Core/Tree' Look'N'Feel 'TaharezLook/Tree' and RenderEffect ''. (0044CD18)
08/07/2017 14:52:13 (Std) 	Started creation of Scheme from XML specification:
08/07/2017 14:52:13 (Std) 	---- CEGUI GUIScheme name: AlfiskoSkin
08/07/2017 14:52:13 (Std) 	[ImageManager] Started creation of Imageset from XML specification:
08/07/2017 14:52:13 (Std) 	[ImageManager] ---- CEGUI Imageset name: AlfiskoSkin
08/07/2017 14:52:13 (Std) 	[ImageManager] ---- Source texture file: AlfiskoSkin.png
08/07/2017 14:52:13 (Std) 	[ImageManager] ---- Source texture resource group: (Default)
08/07/2017 14:52:13 (Std) 	[OpenGLRenderer] Created texture: AlfiskoSkin
08/07/2017 14:52:13 (Std) 	[ImageManager] Created image: 'AlfiskoSkin/WindowB' (06EB1F68) of type: BasicImage
08/07/2017 14:52:13 (Std) 	[ImageManager] Created image: 'AlfiskoSkin/WindowL' (06EB22B0) of type: BasicImage
08/07/2017 14:52:13 (Std) 	[ImageManager] Created image: 'AlfiskoSkin/WindowR' (06EB23C8) of type: BasicImage
08/07/2017 14:52:13 (Std) 	[ImageManager] Created image: 'AlfiskoSkin/WindowT' (06EB24E0) of type: BasicImage
08/07/2017 14:52:13 (Std) 	[ImageManager] Created image: 'AlfiskoSkin/EditboxB' (06EB25F8) of type: BasicImage
08/07/2017 14:52:13 (Std) 	[ImageManager] Created image: 'AlfiskoSkin/EditboxL' (06EB2710) of type: BasicImage
08/07/2017 14:52:13 (Std) 	[ImageManager] Created image: 'AlfiskoSkin/EditboxR' (06EB2828) of type: BasicImage
08/07/2017 14:52:13 (Std) 	[ImageManager] Created image: 'AlfiskoSkin/EditboxT' (06EB2940) of type: BasicImage
08/07/2017 14:52:13 (Std) 	[ImageManager] Created image: 'AlfiskoSkin/WindowBL' (06EB2A58) of type: BasicImage
08/07/2017 14:52:13 (Std) 	[ImageManager] Created image: 'AlfiskoSkin/WindowBR' (06EB2B70) of type: BasicImage
08/07/2017 14:52:13 (Std) 	[ImageManager] Created image: 'AlfiskoSkin/WindowTL' (06EB2C88) of type: BasicImage
08/07/2017 14:52:13 (Std) 	[ImageManager] Created image: 'AlfiskoSkin/WindowTR' (06EB2DA0) of type: BasicImage
08/07/2017 14:52:13 (Std) 	[ImageManager] Created image: 'AlfiskoSkin/EditboxBL' (06EB2EB8) of type: BasicImage
08/07/2017 14:52:13 (Std) 	[ImageManager] Created image: 'AlfiskoSkin/EditboxBR' (06EB30E8) of type: BasicImage
08/07/2017 14:52:13 (Std) 	[ImageManager] Created image: 'AlfiskoSkin/EditboxTL' (06EB3200) of type: BasicImage
08/07/2017 14:52:13 (Std) 	[ImageManager] Created image: 'AlfiskoSkin/EditboxTR' (06EB2FD0) of type: BasicImage
08/07/2017 14:52:13 (Std) 	[ImageManager] Created image: 'AlfiskoSkin/MouseMove' (06F81950) of type: BasicImage
08/07/2017 14:52:13 (Std) 	[ImageManager] Created image: 'AlfiskoSkin/MouseNeSw' (06F81B80) of type: BasicImage
08/07/2017 14:52:13 (Std) 	[ImageManager] Created image: 'AlfiskoSkin/NewImage1' (06F81C98) of type: BasicImage
08/07/2017 14:52:13 (Std) 	[ImageManager] Created image: 'AlfiskoSkin/MouseArrow' (06F81DB0) of type: BasicImage
08/07/2017 14:52:13 (Std) 	[ImageManager] Created image: 'AlfiskoSkin/WindowFill' (06F81EC8) of type: BasicImage
08/07/2017 14:52:13 (Std) 	[ImageManager] Created image: 'AlfiskoSkin/EditboxFill' (06F81FE0) of type: BasicImage
08/07/2017 14:52:13 (Std) 	[ImageManager] Created image: 'AlfiskoSkin/WindowClipB' (06F820F8) of type: BasicImage
08/07/2017 14:52:13 (Std) 	[ImageManager] Created image: 'AlfiskoSkin/WindowClipL' (06F82210) of type: BasicImage
08/07/2017 14:52:13 (Std) 	[ImageManager] Created image: 'AlfiskoSkin/WindowClipR' (06F82328) of type: BasicImage
08/07/2017 14:52:13 (Std) 	[ImageManager] Created image: 'AlfiskoSkin/WindowClipT' (06F82440) of type: BasicImage
08/07/2017 14:52:13 (Std) 	[ImageManager] Created image: 'AlfiskoSkin/ButtonHoverB' (06F82558) of type: BasicImage
08/07/2017 14:52:13 (Std) 	[ImageManager] Created image: 'AlfiskoSkin/ButtonHoverL' (06F82670) of type: BasicImage
08/07/2017 14:52:13 (Std) 	[ImageManager] Created image: 'AlfiskoSkin/ButtonHoverR' (06F82788) of type: BasicImage
08/07/2017 14:52:13 (Std) 	[ImageManager] Created image: 'AlfiskoSkin/ButtonHoverT' (06F828A0) of type: BasicImage
08/07/2017 14:52:13 (Std) 	[ImageManager] Created image: 'AlfiskoSkin/GenericBrush' (06F829B8) of type: BasicImage
08/07/2017 14:52:13 (Std) 	[ImageManager] Created image: 'AlfiskoSkin/MouseTextBar' (06F82AD0) of type: BasicImage
08/07/2017 14:52:13 (Std) 	[ImageManager] Created image: 'AlfiskoSkin/ButtonHoverBL' (06F82BE8) of type: BasicImage
08/07/2017 14:52:13 (Std) 	[ImageManager] Created image: 'AlfiskoSkin/ButtonHoverBR' (06F82D00) of type: BasicImage
08/07/2017 14:52:13 (Std) 	[ImageManager] Created image: 'AlfiskoSkin/ButtonHoverTL' (06F82E18) of type: BasicImage
08/07/2017 14:52:13 (Std) 	[ImageManager] Created image: 'AlfiskoSkin/ButtonHoverTR' (06F82F30) of type: BasicImage
08/07/2017 14:52:13 (Std) 	[ImageManager] Created image: 'AlfiskoSkin/ButtonNormalB' (06F83048) of type: BasicImage
08/07/2017 14:52:13 (Std) 	[ImageManager] Created image: 'AlfiskoSkin/ButtonNormalL' (06F83160) of type: BasicImage
08/07/2017 14:52:13 (Std) 	[ImageManager] Created image: 'AlfiskoSkin/ButtonNormalR' (06F83278) of type: BasicImage
08/07/2017 14:52:13 (Std) 	[ImageManager] Created image: 'AlfiskoSkin/ButtonNormalT' (06F83390) of type: BasicImage
08/07/2017 14:52:13 (Std) 	[ImageManager] Created image: 'AlfiskoSkin/ButtonPushedB' (06F834A8) of type: BasicImage
08/07/2017 14:52:13 (Std) 	[ImageManager] Created image: 'AlfiskoSkin/ButtonPushedL' (06F835C0) of type: BasicImage
08/07/2017 14:52:13 (Std) 	[ImageManager] Created image: 'AlfiskoSkin/ButtonPushedR' (06F836D8) of type: BasicImage
08/07/2017 14:52:13 (Std) 	[ImageManager] Created image: 'AlfiskoSkin/ButtonPushedT' (06F837F0) of type: BasicImage
08/07/2017 14:52:13 (Std) 	[ImageManager] Created image: 'AlfiskoSkin/CheckboxHover' (06F81A68) of type: BasicImage
08/07/2017 14:52:13 (Std) 	[ImageManager] Created image: 'AlfiskoSkin/ProgressFullB' (07136020) of type: BasicImage
08/07/2017 14:52:13 (Std) 	[ImageManager] Created image: 'AlfiskoSkin/ProgressFullL' (07136250) of type: BasicImage
08/07/2017 14:52:13 (Std) 	[ImageManager] Created image: 'AlfiskoSkin/ProgressFullR' (07136368) of type: BasicImage
08/07/2017 14:52:13 (Std) 	[ImageManager] Created image: 'AlfiskoSkin/ProgressFullT' (07136480) of type: BasicImage
08/07/2017 14:52:13 (Std) 	[ImageManager] Created image: 'AlfiskoSkin/ScrollUpHover' (07136598) of type: BasicImage
08/07/2017 14:52:13 (Std) 	[ImageManager] Created image: 'AlfiskoSkin/ButtonNormalBL' (071366B0) of type: BasicImage
08/07/2017 14:52:13 (Std) 	[ImageManager] Created image: 'AlfiskoSkin/ButtonNormalBR' (071367C8) of type: BasicImage
08/07/2017 14:52:13 (Std) 	[ImageManager] Created image: 'AlfiskoSkin/ButtonNormalTL' (071368E0) of type: BasicImage
08/07/2017 14:52:13 (Std) 	[ImageManager] Created image: 'AlfiskoSkin/ButtonNormalTR' (071369F8) of type: BasicImage
08/07/2017 14:52:13 (Std) 	[ImageManager] Created image: 'AlfiskoSkin/ButtonPushedBL' (07136B10) of type: BasicImage
08/07/2017 14:52:13 (Std) 	[ImageManager] Created image: 'AlfiskoSkin/ButtonPushedBR' (07136C28) of type: BasicImage
08/07/2017 14:52:13 (Std) 	[ImageManager] Created image: 'AlfiskoSkin/ButtonPushedTL' (07136D40) of type: BasicImage
08/07/2017 14:52:13 (Std) 	[ImageManager] Created image: 'AlfiskoSkin/ButtonPushedTR' (07136E58) of type: BasicImage
08/07/2017 14:52:13 (Std) 	[ImageManager] Created image: 'AlfiskoSkin/CheckboxNormal' (07136F70) of type: BasicImage
08/07/2017 14:52:13 (Std) 	[ImageManager] Created image: 'AlfiskoSkin/HorzScrollbarB' (07137088) of type: BasicImage
08/07/2017 14:52:13 (Std) 	[ImageManager] Created image: 'AlfiskoSkin/HorzScrollbarT' (071371A0) of type: BasicImage
08/07/2017 14:52:13 (Std) 	[ImageManager] Created image: 'AlfiskoSkin/ProgressEmptyB' (071372B8) of type: BasicImage
08/07/2017 14:52:13 (Std) 	[ImageManager] Created image: 'AlfiskoSkin/ProgressEmptyL' (071373D0) of type: BasicImage
08/07/2017 14:52:13 (Std) 	[ImageManager] Created image: 'AlfiskoSkin/ProgressEmptyR' (071374E8) of type: BasicImage
08/07/2017 14:52:13 (Std) 	[ImageManager] Created image: 'AlfiskoSkin/ProgressEmptyT' (07137600) of type: BasicImage
08/07/2017 14:52:13 (Std) 	[ImageManager] Created image: 'AlfiskoSkin/ProgressFullBL' (07137718) of type: BasicImage
08/07/2017 14:52:13 (Std) 	[ImageManager] Created image: 'AlfiskoSkin/ProgressFullBR' (07137830) of type: BasicImage
08/07/2017 14:52:13 (Std) 	[ImageManager] Created image: 'AlfiskoSkin/ProgressFullTL' (07137948) of type: BasicImage
08/07/2017 14:52:13 (Std) 	[ImageManager] Created image: 'AlfiskoSkin/ProgressFullTR' (07137A60) of type: BasicImage
08/07/2017 14:52:13 (Std) 	[ImageManager] Created image: 'AlfiskoSkin/ProgressShadow' (07137B78) of type: BasicImage
08/07/2017 14:52:13 (Std) 	[ImageManager] Created image: 'AlfiskoSkin/ScrollUpNormal' (07137C90) of type: BasicImage
08/07/2017 14:52:13 (Std) 	[ImageManager] Created image: 'AlfiskoSkin/ScrollUpPushed' (07137DA8) of type: BasicImage
08/07/2017 14:52:13 (Std) 	[ImageManager] Created image: 'AlfiskoSkin/TitlebarDummy1' (07137EC0) of type: BasicImage
08/07/2017 14:52:13 (Std) 	[ImageManager] Created image: 'AlfiskoSkin/VertScrollbarL' (07136138) of type: BasicImage
08/07/2017 14:52:13 (Std) 	[ImageManager] Created image: 'AlfiskoSkin/VertScrollbarR' (06F8D8B8) of type: BasicImage
08/07/2017 14:52:13 (Std) 	[ImageManager] Created image: 'AlfiskoSkin/CheckboxChecked' (06F8DAE8) of type: BasicImage
08/07/2017 14:52:13 (Std) 	[ImageManager] Created image: 'AlfiskoSkin/HorzThumbHoverB' (06F8DC00) of type: BasicImage
08/07/2017 14:52:13 (Std) 	[ImageManager] Created image: 'AlfiskoSkin/HorzThumbHoverT' (06F8DD18) of type: BasicImage
08/07/2017 14:52:13 (Std) 	[ImageManager] Created image: 'AlfiskoSkin/ProgressEmptyBL' (06F8DE30) of type: BasicImage
08/07/2017 14:52:13 (Std) 	[ImageManager] Created image: 'AlfiskoSkin/ProgressEmptyBR' (06F8DF48) of type: BasicImage
08/07/2017 14:52:13 (Std) 	[ImageManager] Created image: 'AlfiskoSkin/ProgressEmptyTL' (06F8E060) of type: BasicImage
08/07/2017 14:52:13 (Std) 	[ImageManager] Created image: 'AlfiskoSkin/ProgressEmptyTR' (06F8E178) of type: BasicImage
08/07/2017 14:52:13 (Std) 	[ImageManager] Created image: 'AlfiskoSkin/ScrollDownHover' (06F8E290) of type: BasicImage
08/07/2017 14:52:13 (Std) 	[ImageManager] Created image: 'AlfiskoSkin/ScrollLeftHover' (06F8E3A8) of type: BasicImage
08/07/2017 14:52:13 (Std) 	[ImageManager] Created image: 'AlfiskoSkin/TitlebarActiveB' (06F8E4C0) of type: BasicImage
08/07/2017 14:52:13 (Std) 	[ImageManager] Created image: 'AlfiskoSkin/TitlebarActiveL' (06F8E5D8) of type: BasicImage
08/07/2017 14:52:13 (Std) 	[ImageManager] Created image: 'AlfiskoSkin/TitlebarActiveR' (06F8E6F0) of type: BasicImage
08/07/2017 14:52:13 (Std) 	[ImageManager] Created image: 'AlfiskoSkin/TitlebarActiveT' (06F8E808) of type: BasicImage
08/07/2017 14:52:13 (Std) 	[ImageManager] Created image: 'AlfiskoSkin/VertThumbHoverL' (06F8E920) of type: BasicImage
08/07/2017 14:52:13 (Std) 	[ImageManager] Created image: 'AlfiskoSkin/VertThumbHoverR' (06F8EA38) of type: BasicImage
08/07/2017 14:52:13 (Std) 	[ImageManager] Created image: 'AlfiskoSkin/ButtonHoverFill1' (06F8EB50) of type: BasicImage
08/07/2017 14:52:13 (Std) 	[ImageManager] Created image: 'AlfiskoSkin/ButtonHoverFill2' (06F8D9D0) of type: BasicImage
08/07/2017 14:52:13 (Std) 	[ImageManager] Created image: 'AlfiskoSkin/HorzSliderTrackL' (06F8EC68) of type: BasicImage
08/07/2017 14:52:13 (Std) 	[ImageManager] Created image: 'AlfiskoSkin/HorzSliderTrackR' (06F8ED80) of type: BasicImage
08/07/2017 14:52:13 (Std) 	[ImageManager] Created image: 'AlfiskoSkin/HorzThumbHoverBL' (06F8EE98) of type: BasicImage
08/07/2017 14:52:13 (Std) 	[ImageManager] Created image: 'AlfiskoSkin/HorzThumbHoverBR' (06F8EFB0) of type: BasicImage
08/07/2017 14:52:13 (Std) 	[ImageManager] Created image: 'AlfiskoSkin/HorzThumbHoverTL' (06F8F0C8) of type: BasicImage
08/07/2017 14:52:13 (Std) 	[ImageManager] Created image: 'AlfiskoSkin/HorzThumbHoverTR' (06F8F1E0) of type: BasicImage
08/07/2017 14:52:13 (Std) 	[ImageManager] Created image: 'AlfiskoSkin/HorzThumbNormalB' (06F8F2F8) of type: BasicImage
08/07/2017 14:52:13 (Std) 	[ImageManager] Created image: 'AlfiskoSkin/HorzThumbNormalT' (06F8F410) of type: BasicImage
08/07/2017 14:52:13 (Std) 	[ImageManager] Created image: 'AlfiskoSkin/HorzThumbPushedB' (06F8F528) of type: BasicImage
08/07/2017 14:52:13 (Std) 	[ImageManager] Created image: 'AlfiskoSkin/HorzThumbPushedT' (06F8F640) of type: BasicImage
08/07/2017 14:52:13 (Std) 	[ImageManager] Created image: 'AlfiskoSkin/HorzThumbShadowL' (06F8F758) of type: BasicImage
08/07/2017 14:52:13 (Std) 	[ImageManager] Created image: 'AlfiskoSkin/HorzThumbShadowR' (06F8F8B8) of type: BasicImage
08/07/2017 14:52:13 (Std) 	[ImageManager] Created image: 'AlfiskoSkin/ProgressFullFill' (06F8F9D0) of type: BasicImage
08/07/2017 14:52:13 (Std) 	[ImageManager] Created image: 'AlfiskoSkin/RadioButtonHover' (06F8FAE8) of type: BasicImage
08/07/2017 14:52:13 (Std) 	[ImageManager] Created image: 'AlfiskoSkin/ScrollDownNormal' (06F8FC00) of type: BasicImage
08/07/2017 14:52:13 (Std) 	[ImageManager] Created image: 'AlfiskoSkin/ScrollDownPushed' (06F8FD18) of type: BasicImage
08/07/2017 14:52:13 (Std) 	[ImageManager] Created image: 'AlfiskoSkin/ScrollLeftNormal' (06F8FE30) of type: BasicImage
08/07/2017 14:52:13 (Std) 	[ImageManager] Created image: 'AlfiskoSkin/ScrollLeftPushed' (06F8FF48) of type: BasicImage
08/07/2017 14:52:13 (Std) 	[ImageManager] Created image: 'AlfiskoSkin/ScrollRightHover' (06F90060) of type: BasicImage
08/07/2017 14:52:13 (Std) 	[ImageManager] Created image: 'AlfiskoSkin/TitlebarActiveBL' (06F90178) of type: BasicImage
08/07/2017 14:52:13 (Std) 	[ImageManager] Created image: 'AlfiskoSkin/TitlebarActiveBR' (06F90290) of type: BasicImage
08/07/2017 14:52:13 (Std) 	[ImageManager] Created image: 'AlfiskoSkin/TitlebarActiveTL' (06F903A8) of type: BasicImage
08/07/2017 14:52:13 (Std) 	[ImageManager] Created image: 'AlfiskoSkin/TitlebarActiveTR' (06F904C0) of type: BasicImage
08/07/2017 14:52:13 (Std) 	[ImageManager] Created image: 'AlfiskoSkin/VertSliderTrackB' (06F905D8) of type: BasicImage
08/07/2017 14:52:13 (Std) 	[ImageManager] Created image: 'AlfiskoSkin/VertSliderTrackT' (06F906F0) of type: BasicImage
08/07/2017 14:52:13 (Std) 	[ImageManager] Created image: 'AlfiskoSkin/VertThumbHoverBL' (06F90808) of type: BasicImage
08/07/2017 14:52:13 (Std) 	[ImageManager] Created image: 'AlfiskoSkin/VertThumbHoverBR' (06F90920) of type: BasicImage
08/07/2017 14:52:13 (Std) 	[ImageManager] Created image: 'AlfiskoSkin/VertThumbHoverTL' (06F90A38) of type: BasicImage
08/07/2017 14:52:13 (Std) 	[ImageManager] Created image: 'AlfiskoSkin/VertThumbHoverTR' (06F90B50) of type: BasicImage
08/07/2017 14:52:13 (Std) 	[ImageManager] Created image: 'AlfiskoSkin/VertThumbNormalL' (06F90C68) of type: BasicImage
08/07/2017 14:52:13 (Std) 	[ImageManager] Created image: 'AlfiskoSkin/VertThumbNormalR' (06F90D80) of type: BasicImage
08/07/2017 14:52:13 (Std) 	[ImageManager] Created image: 'AlfiskoSkin/VertThumbPushedL' (06F90E98) of type: BasicImage
08/07/2017 14:52:13 (Std) 	[ImageManager] Created image: 'AlfiskoSkin/VertThumbPushedR' (06F90FB0) of type: BasicImage
08/07/2017 14:52:13 (Std) 	[ImageManager] Created image: 'AlfiskoSkin/VertThumbShadowB' (06F910C8) of type: BasicImage
08/07/2017 14:52:13 (Std) 	[ImageManager] Created image: 'AlfiskoSkin/VertThumbShadowT' (06F911E0) of type: BasicImage
08/07/2017 14:52:13 (Std) 	[ImageManager] Created image: 'AlfiskoSkin/ButtonNormalFill1' (06F912F8) of type: BasicImage
08/07/2017 14:52:13 (Std) 	[ImageManager] Created image: 'AlfiskoSkin/ButtonNormalFill2' (06F91410) of type: BasicImage
08/07/2017 14:52:13 (Std) 	[ImageManager] Created image: 'AlfiskoSkin/ButtonPushedFill1' (06F91528) of type: BasicImage
08/07/2017 14:52:13 (Std) 	[ImageManager] Created image: 'AlfiskoSkin/ButtonPushedFill2' (06F91640) of type: BasicImage
08/07/2017 14:52:13 (Std) 	[ImageManager] Created image: 'AlfiskoSkin/CloseButtonNormal' (06F91758) of type: BasicImage
08/07/2017 14:52:13 (Std) 	[ImageManager] Created image: 'AlfiskoSkin/CloseButtonPushed' (06F938B8) of type: BasicImage
08/07/2017 14:52:13 (Std) 	[ImageManager] Created image: 'AlfiskoSkin/HorzSliderShadowL' (06F939D0) of type: BasicImage
08/07/2017 14:52:13 (Std) 	[ImageManager] Created image: 'AlfiskoSkin/HorzSliderShadowR' (06F93AE8) of type: BasicImage
08/07/2017 14:52:13 (Std) 	[ImageManager] Created image: 'AlfiskoSkin/HorzThumbNormalBL' (06F93C00) of type: BasicImage
08/07/2017 14:52:13 (Std) 	[ImageManager] Created image: 'AlfiskoSkin/HorzThumbNormalBR' (06F93D18) of type: BasicImage
08/07/2017 14:52:13 (Std) 	[ImageManager] Created image: 'AlfiskoSkin/HorzThumbNormalTL' (06F93E30) of type: BasicImage
08/07/2017 14:52:13 (Std) 	[ImageManager] Created image: 'AlfiskoSkin/HorzThumbNormalTR' (06F93F48) of type: BasicImage
08/07/2017 14:52:13 (Std) 	[ImageManager] Created image: 'AlfiskoSkin/HorzThumbPushedBL' (06F94060) of type: BasicImage
08/07/2017 14:52:13 (Std) 	[ImageManager] Created image: 'AlfiskoSkin/HorzThumbPushedBR' (06F94178) of type: BasicImage
08/07/2017 14:52:13 (Std) 	[ImageManager] Created image: 'AlfiskoSkin/HorzThumbPushedTL' (06F94290) of type: BasicImage
08/07/2017 14:52:13 (Std) 	[ImageManager] Created image: 'AlfiskoSkin/HorzThumbPushedTR' (06F943A8) of type: BasicImage
08/07/2017 14:52:13 (Std) 	[ImageManager] Created image: 'AlfiskoSkin/ProgressEmptyFill' (06F944C0) of type: BasicImage
08/07/2017 14:52:13 (Std) 	[ImageManager] Created image: 'AlfiskoSkin/RadioButtonNormal' (06F945D8) of type: BasicImage
08/07/2017 14:52:13 (Std) 	[ImageManager] Created image: 'AlfiskoSkin/ScrollRightNormal' (06F946F0) of type: BasicImage
08/07/2017 14:52:13 (Std) 	[ImageManager] Created image: 'AlfiskoSkin/ScrollRightPushed' (06F94808) of type: BasicImage
08/07/2017 14:52:13 (Std) 	[ImageManager] Created image: 'AlfiskoSkin/TitlebarInactiveB' (06F94920) of type: BasicImage
08/07/2017 14:52:13 (Std) 	[ImageManager] Created image: 'AlfiskoSkin/TitlebarInactiveL' (06F94A38) of type: BasicImage
08/07/2017 14:52:13 (Std) 	[ImageManager] Created image: 'AlfiskoSkin/TitlebarInactiveR' (06F94B50) of type: BasicImage
08/07/2017 14:52:13 (Std) 	[ImageManager] Created image: 'AlfiskoSkin/TitlebarInactiveT' (06F94C68) of type: BasicImage
08/07/2017 14:52:13 (Std) 	[ImageManager] Created image: 'AlfiskoSkin/VertSliderShadowB' (06F94D80) of type: BasicImage
08/07/2017 14:52:13 (Std) 	[ImageManager] Created image: 'AlfiskoSkin/VertSliderShadowT' (06F94E98) of type: BasicImage
08/07/2017 14:52:13 (Std) 	[ImageManager] Created image: 'AlfiskoSkin/VertThumbNormalBL' (06F94FB0) of type: BasicImage
08/07/2017 14:52:13 (Std) 	[ImageManager] Created image: 'AlfiskoSkin/VertThumbNormalBR' (06F950C8) of type: BasicImage
08/07/2017 14:52:13 (Std) 	[ImageManager] Created image: 'AlfiskoSkin/VertThumbNormalTL' (06F951E0) of type: BasicImage
08/07/2017 14:52:13 (Std) 	[ImageManager] Created image: 'AlfiskoSkin/VertThumbNormalTR' (06F952F8) of type: BasicImage
08/07/2017 14:52:13 (Std) 	[ImageManager] Created image: 'AlfiskoSkin/VertThumbPushedBL' (06F95410) of type: BasicImage
08/07/2017 14:52:13 (Std) 	[ImageManager] Created image: 'AlfiskoSkin/VertThumbPushedBR' (06F95528) of type: BasicImage
08/07/2017 14:52:13 (Std) 	[ImageManager] Created image: 'AlfiskoSkin/VertThumbPushedTL' (06F95640) of type: BasicImage
08/07/2017 14:52:13 (Std) 	[ImageManager] Created image: 'AlfiskoSkin/VertThumbPushedTR' (06F95758) of type: BasicImage
08/07/2017 14:52:13 (Std) 	[ImageManager] Created image: 'AlfiskoSkin/HorzScrollbarFill1' (06F978B8) of type: BasicImage
08/07/2017 14:52:13 (Std) 	[ImageManager] Created image: 'AlfiskoSkin/HorzScrollbarFill2' (06F979D0) of type: BasicImage
08/07/2017 14:52:13 (Std) 	[ImageManager] Created image: 'AlfiskoSkin/RadioButtonChecked' (06F97AE8) of type: BasicImage
08/07/2017 14:52:13 (Std) 	[ImageManager] Created image: 'AlfiskoSkin/TitlebarInactiveBL' (06F97C00) of type: BasicImage
08/07/2017 14:52:13 (Std) 	[ImageManager] Created image: 'AlfiskoSkin/TitlebarInactiveBR' (06F97D18) of type: BasicImage
08/07/2017 14:52:13 (Std) 	[ImageManager] Created image: 'AlfiskoSkin/TitlebarInactiveTL' (06F97E30) of type: BasicImage
08/07/2017 14:52:13 (Std) 	[ImageManager] Created image: 'AlfiskoSkin/TitlebarInactiveTR' (06F97F48) of type: BasicImage
08/07/2017 14:52:13 (Std) 	[ImageManager] Created image: 'AlfiskoSkin/VertScrollbarFill1' (06F98060) of type: BasicImage
08/07/2017 14:52:13 (Std) 	[ImageManager] Created image: 'AlfiskoSkin/VertScrollbarFill2' (06F98178) of type: BasicImage
08/07/2017 14:52:13 (Std) 	[ImageManager] Created image: 'AlfiskoSkin/HorzSliderTrackFill' (06F98290) of type: BasicImage
08/07/2017 14:52:13 (Std) 	[ImageManager] Created image: 'AlfiskoSkin/TitlebarActiveFill1' (06F983A8) of type: BasicImage
08/07/2017 14:52:13 (Std) 	[ImageManager] Created image: 'AlfiskoSkin/TitlebarActiveFill2' (06F984C0) of type: BasicImage
08/07/2017 14:52:13 (Std) 	[ImageManager] Created image: 'AlfiskoSkin/VertSliderTrackFill' (06F985D8) of type: BasicImage
08/07/2017 14:52:13 (Std) 	[ImageManager] Created image: 'AlfiskoSkin/HorzSliderThumbHover' (06F986F0) of type: BasicImage
08/07/2017 14:52:13 (Std) 	[ImageManager] Created image: 'AlfiskoSkin/VertSliderThumbHover' (06F98808) of type: BasicImage
08/07/2017 14:52:13 (Std) 	[ImageManager] Created image: 'AlfiskoSkin/HorzSliderThumbNormal' (06F98920) of type: BasicImage
08/07/2017 14:52:13 (Std) 	[ImageManager] Created image: 'AlfiskoSkin/HorzSliderThumbPushed' (06F98A38) of type: BasicImage
08/07/2017 14:52:13 (Std) 	[ImageManager] Created image: 'AlfiskoSkin/TitlebarInactiveFill1' (06F98B50) of type: BasicImage
08/07/2017 14:52:13 (Std) 	[ImageManager] Created image: 'AlfiskoSkin/TitlebarInactiveFill2' (06F98C68) of type: BasicImage
08/07/2017 14:52:13 (Std) 	[ImageManager] Created image: 'AlfiskoSkin/VertSliderThumbNormal' (06F98D80) of type: BasicImage
08/07/2017 14:52:13 (Std) 	[ImageManager] Created image: 'AlfiskoSkin/VertSliderThumbPushed' (06F98E98) of type: BasicImage
08/07/2017 14:52:13 (Std) 	---- Returning existing instance of Font named 'DejaVuSans-12'.
08/07/2017 14:52:13 (Std) 	===== Falagard 'root' element: look and feel parsing begins =====
08/07/2017 14:52:13 (Std) 	===== Look and feel parsing completed =====
08/07/2017 14:52:13 (Std) 	No window renderer factories specified for module 'CEGUICoreWindowRendererSet' - adding all available factories...
08/07/2017 14:52:13 (Std) 	Creating falagard mapping for type 'AlfiskoSkin/Label' using base type 'DefaultWindow', window renderer 'Core/Default' Look'N'Feel 'AlfiskoSkin/Label' and RenderEffect ''. (0044CD18)
08/07/2017 14:52:13 (Std) 	Creating falagard mapping for type 'AlfiskoSkin/Button' using base type 'CEGUI/PushButton', window renderer 'Core/Button' Look'N'Feel 'AlfiskoSkin/Button' and RenderEffect ''. (0044CD18)
08/07/2017 14:52:13 (Std) 	Creating falagard mapping for type 'AlfiskoSkin/ImageButton' using base type 'CEGUI/PushButton', window renderer 'Core/Button' Look'N'Feel 'AlfiskoSkin/ImageButton' and RenderEffect ''. (0044CD18)
08/07/2017 14:52:13 (Std) 	Creating falagard mapping for type 'AlfiskoSkin/RadioButton' using base type 'CEGUI/RadioButton', window renderer 'Core/ToggleButton' Look'N'Feel 'AlfiskoSkin/RadioButton' and RenderEffect ''. (0044CD18)
08/07/2017 14:52:13 (Std) 	Creating falagard mapping for type 'AlfiskoSkin/Checkbox' using base type 'CEGUI/ToggleButton', window renderer 'Core/ToggleButton' Look'N'Feel 'AlfiskoSkin/Checkbox' and RenderEffect ''. (0044CD18)
08/07/2017 14:52:13 (Std) 	Creating falagard mapping for type 'AlfiskoSkin/Titlebar' using base type 'CEGUI/Titlebar', window renderer 'Core/Titlebar' Look'N'Feel 'AlfiskoSkin/Titlebar' and RenderEffect ''. (0044CD18)
08/07/2017 14:52:13 (Std) 	Creating falagard mapping for type 'AlfiskoSkin/FrameWindow' using base type 'CEGUI/FrameWindow', window renderer 'Core/FrameWindow' Look'N'Feel 'AlfiskoSkin/FrameWindow' and RenderEffect ''. (0044CD18)
08/07/2017 14:52:13 (Std) 	Creating falagard mapping for type 'AlfiskoSkin/Editbox' using base type 'CEGUI/Editbox', window renderer 'Core/Editbox' Look'N'Feel 'AlfiskoSkin/Editbox' and RenderEffect ''. (0044CD18)
08/07/2017 14:52:13 (Std) 	Creating falagard mapping for type 'AlfiskoSkin/VerticalScrollbarThumb' using base type 'CEGUI/Thumb', window renderer 'Core/Button' Look'N'Feel 'AlfiskoSkin/VerticalScrollbarThumb' and RenderEffect ''. (0044CD18)
08/07/2017 14:52:13 (Std) 	Creating falagard mapping for type 'AlfiskoSkin/VerticalScrollbar' using base type 'CEGUI/Scrollbar', window renderer 'Core/Scrollbar' Look'N'Feel 'AlfiskoSkin/VerticalScrollbar' and RenderEffect ''. (0044CD18)
08/07/2017 14:52:13 (Std) 	Creating falagard mapping for type 'AlfiskoSkin/HorizontalScrollbarThumb' using base type 'CEGUI/Thumb', window renderer 'Core/Button' Look'N'Feel 'AlfiskoSkin/HorizontalScrollbarThumb' and RenderEffect ''. (0044CD18)
08/07/2017 14:52:13 (Std) 	Creating falagard mapping for type 'AlfiskoSkin/HorizontalScrollbar' using base type 'CEGUI/Scrollbar', window renderer 'Core/Scrollbar' Look'N'Feel 'AlfiskoSkin/HorizontalScrollbar' and RenderEffect ''. (0044CD18)
08/07/2017 14:52:13 (Std) 	Creating falagard mapping for type 'AlfiskoSkin/MultiLineEditbox' using base type 'CEGUI/MultiLineEditbox', window renderer 'Core/MultiLineEditbox' Look'N'Feel 'AlfiskoSkin/MultiLineEditbox' and RenderEffect ''. (0044CD18)
08/07/2017 14:52:13 (Std) 	Creating falagard mapping for type 'AlfiskoSkin/ProgressBar' using base type 'CEGUI/ProgressBar', window renderer 'Core/ProgressBar' Look'N'Feel 'AlfiskoSkin/ProgressBar' and RenderEffect ''. (0044CD18)
08/07/2017 14:52:13 (Std) 	Creating falagard mapping for type 'AlfiskoSkin/HorizontalSliderThumb' using base type 'CEGUI/Thumb', window renderer 'Core/Button' Look'N'Feel 'AlfiskoSkin/HorizontalSliderThumb' and RenderEffect ''. (0044CD18)
08/07/2017 14:52:13 (Std) 	Creating falagard mapping for type 'AlfiskoSkin/HorizontalSlider' using base type 'CEGUI/Slider', window renderer 'Core/Slider' Look'N'Feel 'AlfiskoSkin/HorizontalSlider' and RenderEffect ''. (0044CD18)
08/07/2017 14:52:13 (Std) 	Creating falagard mapping for type 'AlfiskoSkin/VerticalSliderThumb' using base type 'CEGUI/Thumb', window renderer 'Core/Button' Look'N'Feel 'AlfiskoSkin/VerticalSliderThumb' and RenderEffect ''. (0044CD18)
08/07/2017 14:52:13 (Std) 	Creating falagard mapping for type 'AlfiskoSkin/VerticalSlider' using base type 'CEGUI/Slider', window renderer 'Core/Slider' Look'N'Feel 'AlfiskoSkin/VerticalSlider' and RenderEffect ''. (0044CD18)
08/07/2017 14:52:13 (Std) 	Creating falagard mapping for type 'AlfiskoSkin/MenuItem' using base type 'CEGUI/MenuItem', window renderer 'Core/MenuItem' Look'N'Feel 'AlfiskoSkin/MenuItem' and RenderEffect ''. (0044CD18)
08/07/2017 14:52:13 (Std) 	[OpenGLRenderer] Created texture: DejaVuSans-10_auto_glyph_images_32
